#
# A fatal error has been detected by the Java Runtime Environment:
#
#  Internal Error (methodData.cpp:1142), pid=12804, tid=8644
#  Error: ShouldNotReachHere()
#
# JRE version: OpenJDK Runtime Environment Temurin-17.0.5+8 (17.0.5+8) (build 17.0.5+8)
# Java VM: OpenJDK 64-Bit Server VM Temurin-17.0.5+8 (17.0.5+8, mixed mode, tiered, compressed oops, compressed class ptrs, parallel gc, windows-amd64)
# No core dump will be written. Minidumps are not enabled by default on client versions of Windows
#
# If you would like to submit a bug report, please visit:
#   https://github.com/adoptium/adoptium-support/issues
#

---------------  S U M M A R Y ------------

Command Line: --add-modules=ALL-SYSTEM --add-opens=java.base/java.util=ALL-UNNAMED --add-opens=java.base/java.lang=ALL-UNNAMED --add-opens=java.base/sun.nio.fs=ALL-UNNAMED -Declipse.application=org.eclipse.jdt.ls.core.id1 -Dosgi.bundles.defaultStartLevel=4 -Declipse.product=org.eclipse.jdt.ls.core.product -Djava.import.generatesMetadataFilesAtProjectRoot=false -Dfile.encoding=utf8 -XX:+UseParallelGC -XX:GCTimeRatio=4 -XX:AdaptiveSizePolicyWeight=90 -Dsun.zip.disableMemoryMapping=true -Xmx1G -Xms100m -Xlog:disable -javaagent:c:\Users\sande\.vscode\extensions\redhat.java-1.13.0-win32-x64\lombok\lombok-1.18.24.jar -XX:+HeapDumpOnOutOfMemoryError -XX:HeapDumpPath=c:\Users\sande\AppData\Roaming\Code\User\workspaceStorage\b94a3c3e98d6f37d735942270eb2af11\redhat.java c:\Users\sande\.vscode\extensions\redhat.java-1.13.0-win32-x64\server\plugins\org.eclipse.equinox.launcher_1.6.400.v20210924-0641.jar -configuration c:\Users\sande\AppData\Roaming\Code\User\globalStorage\redhat.java\1.13.0\config_win -data c:\Users\sande\AppData\Roaming\Code\User\workspaceStorage\b94a3c3e98d6f37d735942270eb2af11\redhat.java\jdt_ws

Host: Intel(R) Core(TM) i5-7200U CPU @ 2.50GHz, 4 cores, 15G,  Windows 10 , 64 bit Build 19041 (10.0.19041.2364)
Time: Thu Jan  5 16:19:50 2023 India Standard Time elapsed time: 2894.729647 seconds (0d 0h 48m 14s)

---------------  T H R E A D  ---------------

Current thread (0x000001ad48745d80):  VMThread "VM Thread" [stack: 0x0000009fb4000000,0x0000009fb4100000] [id=8644]

Stack: [0x0000009fb4000000,0x0000009fb4100000]
Native frames: (J=compiled Java code, j=interpreted, Vv=VM code, C=native code)
V  [jvm.dll+0x676b3a]
V  [jvm.dll+0x831444]
V  [jvm.dll+0x832bee]
V  [jvm.dll+0x833207]
V  [jvm.dll+0x244c1c]
V  [jvm.dll+0x244b63]
V  [jvm.dll+0x62edfa]
V  [jvm.dll+0x62df85]
V  [jvm.dll+0x36ba38]
V  [jvm.dll+0x539f1c]
V  [jvm.dll+0x6b0754]
V  [jvm.dll+0x6af7fd]
V  [jvm.dll+0x6b5e81]
V  [jvm.dll+0x681e33]
V  [jvm.dll+0x6b7554]
V  [jvm.dll+0x8376fb]
V  [jvm.dll+0x838434]
V  [jvm.dll+0x83894c]
V  [jvm.dll+0x838d24]
V  [jvm.dll+0x838df0]
V  [jvm.dll+0x7e17ea]
V  [jvm.dll+0x6759e5]
C  [ucrtbase.dll+0x21bb2]
C  [KERNEL32.DLL+0x17614]
C  [ntdll.dll+0x526a1]

VM_Operation (0x0000009fb50fd450): ParallelGCFailedAllocation, mode: safepoint, requested by thread 0x000001ad63eb8350


---------------  P R O C E S S  ---------------

Threads class SMR info:
_java_thread_list=0x000001ad6211d0c0, length=32, elements={
0x000001ad4869e730, 0x000001ad5e516740, 0x000001ad5e518490, 0x000001ad5e541160,
0x000001ad5e541c20, 0x000001ad5e5426e0, 0x000001ad5e544fb0, 0x000001ad5e545ba0,
0x000001ad5ff22850, 0x000001ad5ff23500, 0x000001ad48701600, 0x000001ad601d7a20,
0x000001ad607e5c20, 0x000001ad615e6210, 0x000001ad61760e40, 0x000001ad615504b0,
0x000001ad6191e3e0, 0x000001ad617f1830, 0x000001ad617f21d0, 0x000001ad617f0e90,
0x000001ad60a3dad0, 0x000001ad60a3e940, 0x000001ad63ebb370, 0x000001ad63eba500,
0x000001ad63ebc6b0, 0x000001ad63ebd050, 0x000001ad604c6530, 0x000001ad63ebd520,
0x000001ad63ebaea0, 0x000001ad63eb8350, 0x000001ad63ebcb80, 0x000001ad63eba9d0
}

Java Threads: ( => current thread )
  0x000001ad4869e730 JavaThread "main" [_thread_blocked, id=12520, stack(0x0000009fb3e00000,0x0000009fb3f00000)]
  0x000001ad5e516740 JavaThread "Reference Handler" daemon [_thread_blocked, id=5088, stack(0x0000009fb4100000,0x0000009fb4200000)]
  0x000001ad5e518490 JavaThread "Finalizer" daemon [_thread_blocked, id=14008, stack(0x0000009fb4200000,0x0000009fb4300000)]
  0x000001ad5e541160 JavaThread "Signal Dispatcher" daemon [_thread_blocked, id=13704, stack(0x0000009fb4300000,0x0000009fb4400000)]
  0x000001ad5e541c20 JavaThread "Attach Listener" daemon [_thread_blocked, id=4220, stack(0x0000009fb4400000,0x0000009fb4500000)]
  0x000001ad5e5426e0 JavaThread "Service Thread" daemon [_thread_blocked, id=8456, stack(0x0000009fb4500000,0x0000009fb4600000)]
  0x000001ad5e544fb0 JavaThread "Monitor Deflation Thread" daemon [_thread_blocked, id=8252, stack(0x0000009fb4600000,0x0000009fb4700000)]
  0x000001ad5e545ba0 JavaThread "C2 CompilerThread0" daemon [_thread_blocked, id=14268, stack(0x0000009fb4700000,0x0000009fb4800000)]
  0x000001ad5ff22850 JavaThread "C1 CompilerThread0" daemon [_thread_blocked, id=9460, stack(0x0000009fb4800000,0x0000009fb4900000)]
  0x000001ad5ff23500 JavaThread "Sweeper thread" daemon [_thread_blocked, id=13552, stack(0x0000009fb4900000,0x0000009fb4a00000)]
  0x000001ad48701600 JavaThread "Common-Cleaner" daemon [_thread_blocked, id=3432, stack(0x0000009fb4a00000,0x0000009fb4b00000)]
  0x000001ad601d7a20 JavaThread "Notification Thread" daemon [_thread_blocked, id=13376, stack(0x0000009fb4b00000,0x0000009fb4c00000)]
  0x000001ad607e5c20 JavaThread "Active Thread: Equinox Container: bc9cd77b-93c9-42ba-b676-70996ba841b3" [_thread_blocked, id=11400, stack(0x0000009fb5100000,0x0000009fb5200000)]
  0x000001ad615e6210 JavaThread "Framework Event Dispatcher: Equinox Container: bc9cd77b-93c9-42ba-b676-70996ba841b3" daemon [_thread_blocked, id=8012, stack(0x0000009fb5200000,0x0000009fb5300000)]
  0x000001ad61760e40 JavaThread "Start Level: Equinox Container: bc9cd77b-93c9-42ba-b676-70996ba841b3" daemon [_thread_blocked, id=1736, stack(0x0000009fb5300000,0x0000009fb5400000)]
  0x000001ad615504b0 JavaThread "SCR Component Actor" daemon [_thread_blocked, id=11148, stack(0x0000009fb5400000,0x0000009fb5500000)]
  0x000001ad6191e3e0 JavaThread "Worker-JM" [_thread_blocked, id=11772, stack(0x0000009fb5500000,0x0000009fb5600000)]
  0x000001ad617f1830 JavaThread "Java indexing" daemon [_thread_blocked, id=13196, stack(0x0000009fb5900000,0x0000009fb5a00000)]
  0x000001ad617f21d0 JavaThread "Worker-3" [_thread_blocked, id=11832, stack(0x0000009fb5b00000,0x0000009fb5c00000)]
  0x000001ad617f0e90 JavaThread "JNA Cleaner" daemon [_thread_blocked, id=10572, stack(0x0000009fb5c00000,0x0000009fb5d00000)]
  0x000001ad60a3dad0 JavaThread "pool-2-thread-1" [_thread_blocked, id=2092, stack(0x0000009fb5f00000,0x0000009fb6000000)]
  0x000001ad60a3e940 JavaThread "pool-1-thread-1" [_thread_blocked, id=11128, stack(0x0000009fb6000000,0x0000009fb6100000)]
  0x000001ad63ebb370 JavaThread "Bundle File Closer" daemon [_thread_blocked, id=12404, stack(0x0000009fb6700000,0x0000009fb6800000)]
  0x000001ad63eba500 JavaThread "Java Debug Server" daemon [_thread_in_native, id=4200, stack(0x0000009fb6800000,0x0000009fb6900000)]
  0x000001ad63ebc6b0 JavaThread "RxSchedulerPurge-1" daemon [_thread_blocked, id=5428, stack(0x0000009fb6a00000,0x0000009fb6b00000)]
  0x000001ad63ebd050 JavaThread "RxCachedWorkerPoolEvictor-1" daemon [_thread_blocked, id=5672, stack(0x0000009fb6b00000,0x0000009fb6c00000)]
  0x000001ad604c6530 JavaThread "Worker-11" [_thread_blocked, id=7352, stack(0x0000009fb6400000,0x0000009fb6500000)]
  0x000001ad63ebd520 JavaThread "ForkJoinPool.commonPool-worker-14" daemon [_thread_blocked, id=7392, stack(0x0000009fb5800000,0x0000009fb5900000)]
  0x000001ad63ebaea0 JavaThread "ForkJoinPool.commonPool-worker-15" daemon [_thread_blocked, id=4976, stack(0x0000009fb3d00000,0x0000009fb3e00000)]
  0x000001ad63eb8350 JavaThread "ForkJoinPool.commonPool-worker-16" daemon [_thread_blocked, id=6920, stack(0x0000009fb5000000,0x0000009fb5100000)]
  0x000001ad63ebcb80 JavaThread "ForkJoinPool.commonPool-worker-17" daemon [_thread_blocked, id=12132, stack(0x0000009fb5600000,0x0000009fb5700000)]
  0x000001ad63eba9d0 JavaThread "Worker-13" [_thread_blocked, id=4160, stack(0x0000009fb5700000,0x0000009fb5800000)]

Other Threads:
=>0x000001ad48745d80 VMThread "VM Thread" [stack: 0x0000009fb4000000,0x0000009fb4100000] [id=8644]
  0x000001ad601d6a20 WatcherThread [stack: 0x0000009fb4c00000,0x0000009fb4d00000] [id=10216]
  0x000001ad486b5e70 GCTaskThread "GC Thread#0" [stack: 0x0000009fb3f00000,0x0000009fb4000000] [id=13072]
  0x000001ad605af3d0 GCTaskThread "GC Thread#1" [stack: 0x0000009fb4d00000,0x0000009fb4e00000] [id=13928]
  0x000001ad6039edc0 GCTaskThread "GC Thread#2" [stack: 0x0000009fb4e00000,0x0000009fb4f00000] [id=500]
  0x000001ad60a166b0 GCTaskThread "GC Thread#3" [stack: 0x0000009fb4f00000,0x0000009fb5000000] [id=5272]

Threads with active compile tasks:

VM state: at safepoint (normal execution)

VM Mutex/Monitor currently owned by a thread:  ([mutex/lock_event])
[0x000001ad4868c740] Threads_lock - owner thread: 0x000001ad48745d80
[0x000001ad4869b080] Heap_lock - owner thread: 0x000001ad63eb8350

Heap address: 0x00000000c0000000, size: 1024 MB, Compressed Oops mode: 32-bit

CDS archive(s) not mapped
Compressed class space mapped at: 0x0000000100000000-0x0000000140000000, reserved size: 1073741824
Narrow klass base: 0x0000000000000000, Narrow klass shift: 3, Narrow klass range: 0x140000000

GC Precious Log:
 CPUs: 4 total, 4 available
 Memory: 16269M
 Large Page Support: Disabled
 NUMA Support: Disabled
 Compressed Oops: Enabled (32-bit)
 Alignments: Space 512K, Generation 512K, Heap 2M
 Heap Min Capacity: 100M
 Heap Initial Capacity: 100M
 Heap Max Capacity: 1G
 Pre-touch: Disabled
 Parallel Workers: 4

Heap:
 PSYoungGen      total 8704K, used 1014K [0x00000000eab00000, 0x00000000ebc80000, 0x0000000100000000)
  eden space 7680K, 0% used [0x00000000eab00000,0x00000000eab00000,0x00000000eb280000)
  from space 1024K, 99% used [0x00000000eb380000,0x00000000eb47da10,0x00000000eb480000)
  to   space 5120K, 0% used [0x00000000eb780000,0x00000000eb780000,0x00000000ebc80000)
 ParOldGen       total 387072K, used 386671K [0x00000000c0000000, 0x00000000d7a00000, 0x00000000eab00000)
  object space 387072K, 99% used [0x00000000c0000000,0x00000000d799bc30,0x00000000d7a00000)
 Metaspace       used 86010K, committed 87104K, reserved 1130496K
  class space    used 8653K, committed 9152K, reserved 1048576K

Card table byte_map: [0x000001ad5bdf0000,0x000001ad5c000000] _byte_map_base: 0x000001ad5b7f0000

Marking Bits: (ParMarkBitMap*) 0x00007ffe10ff0dd0
 Begin Bits: [0x000001ad5c160000, 0x000001ad5d160000)
 End Bits:   [0x000001ad5d160000, 0x000001ad5e160000)

Polling page: 0x000001ad48510000

Metaspace:

Usage:
  Non-class:     75.54 MB used.
      Class:      8.45 MB used.
       Both:     83.99 MB used.

Virtual space:
  Non-class space:       80.00 MB reserved,      76.12 MB ( 95%) committed,  10 nodes.
      Class space:        1.00 GB reserved,       8.94 MB ( <1%) committed,  1 nodes.
             Both:        1.08 GB reserved,      85.06 MB (  8%) committed. 

Chunk freelists:
   Non-Class:  3.20 MB
       Class:  2.95 MB
        Both:  6.16 MB

MaxMetaspaceSize: unlimited
CompressedClassSpaceSize: 1.00 GB
Initial GC threshold: 21.00 MB
Current GC threshold: 141.81 MB
CDS: off
MetaspaceReclaimPolicy: balanced
 - commit_granule_bytes: 65536.
 - commit_granule_words: 8192.
 - virtual_space_node_default_size: 1048576.
 - enlarge_chunks_in_place: 1.
 - new_chunks_are_fully_committed: 0.
 - uncommit_free_chunks: 1.
 - use_allocation_guard: 0.
 - handle_deallocations: 1.


Internal statistics:

num_allocs_failed_limit: 6.
num_arena_births: 700.
num_arena_deaths: 132.
num_vsnodes_births: 11.
num_vsnodes_deaths: 0.
num_space_committed: 1361.
num_space_uncommitted: 0.
num_chunks_returned_to_freelist: 156.
num_chunks_taken_from_freelist: 4169.
num_chunk_merges: 53.
num_chunk_splits: 2579.
num_chunks_enlarged: 1520.
num_purges: 4.
num_inconsistent_stats: 0.

CodeHeap 'non-profiled nmethods': size=120000Kb used=19817Kb max_used=19817Kb free=100183Kb
 bounds [0x000001ad547d0000, 0x000001ad55b30000, 0x000001ad5bd00000]
CodeHeap 'profiled nmethods': size=120000Kb used=32685Kb max_used=32685Kb free=87314Kb
 bounds [0x000001ad4d2a0000, 0x000001ad4f2a0000, 0x000001ad547d0000]
CodeHeap 'non-nmethods': size=5760Kb used=1437Kb max_used=1563Kb free=4322Kb
 bounds [0x000001ad4cd00000, 0x000001ad4cf70000, 0x000001ad4d2a0000]
 total_blobs=15682 nmethods=14891 adapters=703
 compilation: enabled
              stopped_count=0, restarted_count=0
 full_count=0

Compilation events (20 events):
Event: 2853.574 Thread 0x000001ad5e545ba0 20654       4       org.jsoup.internal.StringUtil::appendNormalisedWhitespace (99 bytes)
Event: 2853.590 Thread 0x000001ad5e545ba0 nmethod 20654 0x000001ad55b26e10 code [0x000001ad55b26fe0, 0x000001ad55b27cb8]
Event: 2887.665 Thread 0x000001ad5e545ba0 20655       4       org.eclipse.core.internal.resources.Container::getFile (22 bytes)
Event: 2887.669 Thread 0x000001ad5e545ba0 nmethod 20655 0x000001ad55b28590 code [0x000001ad55b28760, 0x000001ad55b28c50]
Event: 2887.775 Thread 0x000001ad5e545ba0 20656       4       org.eclipse.core.internal.events.ResourceDelta::isHidden (38 bytes)
Event: 2887.776 Thread 0x000001ad5e545ba0 nmethod 20656 0x000001ad55b29110 code [0x000001ad55b29280, 0x000001ad55b29358]
Event: 2890.437 Thread 0x000001ad5ff22850 20657  s    3       org.eclipse.jdt.internal.core.JavaModelManager::getExistingElement (9 bytes)
Event: 2890.437 Thread 0x000001ad5ff22850 nmethod 20657 0x000001ad4f292410 code [0x000001ad4f2925c0, 0x000001ad4f2927c8]
Event: 2890.438 Thread 0x000001ad5ff22850 20658       3       org.eclipse.jdt.internal.core.util.HashSetOfArray::<init> (7 bytes)
Event: 2890.438 Thread 0x000001ad5ff22850 nmethod 20658 0x000001ad4e61f890 code [0x000001ad4e61fa20, 0x000001ad4e61fb68]
Event: 2890.864 Thread 0x000001ad5e545ba0 20659       4       java.io.File::<init> (111 bytes)
Event: 2890.870 Thread 0x000001ad5e545ba0 nmethod 20659 0x000001ad55b29410 code [0x000001ad55b29600, 0x000001ad55b29ae0]
Event: 2894.367 Thread 0x000001ad5e545ba0 20660       4       java.util.stream.PipelineHelper::<init> (5 bytes)
Event: 2894.367 Thread 0x000001ad5e545ba0 nmethod 20660 0x000001ad55b2a110 code [0x000001ad55b2a280, 0x000001ad55b2a2f8]
Event: 2894.395 Thread 0x000001ad5ff22850 20661       3       sun.nio.cs.ThreadLocalCoders$Cache::forName (108 bytes)
Event: 2894.395 Thread 0x000001ad5ff22850 nmethod 20661 0x000001ad4f292890 code [0x000001ad4f292ac0, 0x000001ad4f293478]
Event: 2894.395 Thread 0x000001ad5ff22850 20662       3       java.nio.charset.CharsetDecoder::decode (136 bytes)
Event: 2894.397 Thread 0x000001ad5ff22850 nmethod 20662 0x000001ad4f293710 code [0x000001ad4f2939c0, 0x000001ad4f294778]
Event: 2894.398 Thread 0x000001ad5ff22850 20663       3       org.eclipse.core.internal.content.DefaultDescription::getCharset (11 bytes)
Event: 2894.398 Thread 0x000001ad5ff22850 nmethod 20663 0x000001ad4f294c90 code [0x000001ad4f294e60, 0x000001ad4f295218]

GC Heap History (20 events):
Event: 2548.593 GC heap after
{Heap after GC invocations=3861 (full 61):
 PSYoungGen      total 9728K, used 1770K [0x00000000eab00000, 0x00000000eb880000, 0x0000000100000000)
  eden space 7680K, 0% used [0x00000000eab00000,0x00000000eab00000,0x00000000eb280000)
  from space 2048K, 86% used [0x00000000eb680000,0x00000000eb83a998,0x00000000eb880000)
  to   space 2560K, 0% used [0x00000000eb380000,0x00000000eb380000,0x00000000eb600000)
 ParOldGen       total 385024K, used 373869K [0x00000000c0000000, 0x00000000d7800000, 0x00000000eab00000)
  object space 385024K, 97% used [0x00000000c0000000,0x00000000d6d1b748,0x00000000d7800000)
 Metaspace       used 85996K, committed 87104K, reserved 1130496K
  class space    used 8653K, committed 9152K, reserved 1048576K
}
Event: 2548.992 GC heap before
{Heap before GC invocations=3862 (full 61):
 PSYoungGen      total 9728K, used 9450K [0x00000000eab00000, 0x00000000eb880000, 0x0000000100000000)
  eden space 7680K, 100% used [0x00000000eab00000,0x00000000eb280000,0x00000000eb280000)
  from space 2048K, 86% used [0x00000000eb680000,0x00000000eb83a998,0x00000000eb880000)
  to   space 2560K, 0% used [0x00000000eb380000,0x00000000eb380000,0x00000000eb600000)
 ParOldGen       total 385024K, used 373869K [0x00000000c0000000, 0x00000000d7800000, 0x00000000eab00000)
  object space 385024K, 97% used [0x00000000c0000000,0x00000000d6d1b748,0x00000000d7800000)
 Metaspace       used 85996K, committed 87104K, reserved 1130496K
  class space    used 8653K, committed 9152K, reserved 1048576K
}
Event: 2548.995 GC heap after
{Heap after GC invocations=3862 (full 61):
 PSYoungGen      total 10240K, used 2558K [0x00000000eab00000, 0x00000000ebd80000, 0x0000000100000000)
  eden space 7680K, 0% used [0x00000000eab00000,0x00000000eab00000,0x00000000eb280000)
  from space 2560K, 99% used [0x00000000eb380000,0x00000000eb5ff828,0x00000000eb600000)
  to   space 5632K, 0% used [0x00000000eb800000,0x00000000eb800000,0x00000000ebd80000)
 ParOldGen       total 385024K, used 376018K [0x00000000c0000000, 0x00000000d7800000, 0x00000000eab00000)
  object space 385024K, 97% used [0x00000000c0000000,0x00000000d6f34ad0,0x00000000d7800000)
 Metaspace       used 85996K, committed 87104K, reserved 1130496K
  class space    used 8653K, committed 9152K, reserved 1048576K
}
Event: 2552.228 GC heap before
{Heap before GC invocations=3863 (full 61):
 PSYoungGen      total 10240K, used 10237K [0x00000000eab00000, 0x00000000ebd80000, 0x0000000100000000)
  eden space 7680K, 99% used [0x00000000eab00000,0x00000000eb27ff98,0x00000000eb280000)
  from space 2560K, 99% used [0x00000000eb380000,0x00000000eb5ff828,0x00000000eb600000)
  to   space 5632K, 0% used [0x00000000eb800000,0x00000000eb800000,0x00000000ebd80000)
 ParOldGen       total 385024K, used 376018K [0x00000000c0000000, 0x00000000d7800000, 0x00000000eab00000)
  object space 385024K, 97% used [0x00000000c0000000,0x00000000d6f34ad0,0x00000000d7800000)
 Metaspace       used 85996K, committed 87104K, reserved 1130496K
  class space    used 8653K, committed 9152K, reserved 1048576K
}
Event: 2552.232 GC heap after
{Heap after GC invocations=3863 (full 61):
 PSYoungGen      total 11776K, used 3702K [0x00000000eab00000, 0x00000000ebc00000, 0x0000000100000000)
  eden space 7680K, 0% used [0x00000000eab00000,0x00000000eab00000,0x00000000eb280000)
  from space 4096K, 90% used [0x00000000eb800000,0x00000000ebb9da10,0x00000000ebc00000)
  to   space 4096K, 0% used [0x00000000eb400000,0x00000000eb400000,0x00000000eb800000)
 ParOldGen       total 385024K, used 376090K [0x00000000c0000000, 0x00000000d7800000, 0x00000000eab00000)
  object space 385024K, 97% used [0x00000000c0000000,0x00000000d6f46ad0,0x00000000d7800000)
 Metaspace       used 85996K, committed 87104K, reserved 1130496K
  class space    used 8653K, committed 9152K, reserved 1048576K
}
Event: 2552.467 GC heap before
{Heap before GC invocations=3864 (full 61):
 PSYoungGen      total 11776K, used 11382K [0x00000000eab00000, 0x00000000ebc00000, 0x0000000100000000)
  eden space 7680K, 99% used [0x00000000eab00000,0x00000000eb27ffe0,0x00000000eb280000)
  from space 4096K, 90% used [0x00000000eb800000,0x00000000ebb9da10,0x00000000ebc00000)
  to   space 4096K, 0% used [0x00000000eb400000,0x00000000eb400000,0x00000000eb800000)
 ParOldGen       total 385024K, used 376090K [0x00000000c0000000, 0x00000000d7800000, 0x00000000eab00000)
  object space 385024K, 97% used [0x00000000c0000000,0x00000000d6f46ad0,0x00000000d7800000)
 Metaspace       used 85996K, committed 87104K, reserved 1130496K
  class space    used 8653K, committed 9152K, reserved 1048576K
}
Event: 2552.471 GC heap after
{Heap after GC invocations=3864 (full 61):
 PSYoungGen      total 9216K, used 1472K [0x00000000eab00000, 0x00000000eb880000, 0x0000000100000000)
  eden space 7680K, 0% used [0x00000000eab00000,0x00000000eab00000,0x00000000eb280000)
  from space 1536K, 95% used [0x00000000eb400000,0x00000000eb570000,0x00000000eb580000)
  to   space 2560K, 0% used [0x00000000eb600000,0x00000000eb600000,0x00000000eb880000)
 ParOldGen       total 385024K, used 379707K [0x00000000c0000000, 0x00000000d7800000, 0x00000000eab00000)
  object space 385024K, 98% used [0x00000000c0000000,0x00000000d72cedf0,0x00000000d7800000)
 Metaspace       used 85996K, committed 87104K, reserved 1130496K
  class space    used 8653K, committed 9152K, reserved 1048576K
}
Event: 2557.889 GC heap before
{Heap before GC invocations=3865 (full 61):
 PSYoungGen      total 9216K, used 9151K [0x00000000eab00000, 0x00000000eb880000, 0x0000000100000000)
  eden space 7680K, 99% used [0x00000000eab00000,0x00000000eb27fff8,0x00000000eb280000)
  from space 1536K, 95% used [0x00000000eb400000,0x00000000eb570000,0x00000000eb580000)
  to   space 2560K, 0% used [0x00000000eb600000,0x00000000eb600000,0x00000000eb880000)
 ParOldGen       total 385024K, used 379707K [0x00000000c0000000, 0x00000000d7800000, 0x00000000eab00000)
  object space 385024K, 98% used [0x00000000c0000000,0x00000000d72cedf0,0x00000000d7800000)
 Metaspace       used 85996K, committed 87104K, reserved 1130496K
  class space    used 8653K, committed 9152K, reserved 1048576K
}
Event: 2557.893 GC heap after
{Heap after GC invocations=3865 (full 61):
 PSYoungGen      total 9216K, used 1158K [0x00000000eab00000, 0x00000000eb780000, 0x0000000100000000)
  eden space 7680K, 0% used [0x00000000eab00000,0x00000000eab00000,0x00000000eb280000)
  from space 1536K, 75% used [0x00000000eb600000,0x00000000eb721a00,0x00000000eb780000)
  to   space 1536K, 0% used [0x00000000eb400000,0x00000000eb400000,0x00000000eb580000)
 ParOldGen       total 385024K, used 381077K [0x00000000c0000000, 0x00000000d7800000, 0x00000000eab00000)
  object space 385024K, 98% used [0x00000000c0000000,0x00000000d7425710,0x00000000d7800000)
 Metaspace       used 85996K, committed 87104K, reserved 1130496K
  class space    used 8653K, committed 9152K, reserved 1048576K
}
Event: 2557.912 GC heap before
{Heap before GC invocations=3866 (full 61):
 PSYoungGen      total 9216K, used 8838K [0x00000000eab00000, 0x00000000eb780000, 0x0000000100000000)
  eden space 7680K, 100% used [0x00000000eab00000,0x00000000eb280000,0x00000000eb280000)
  from space 1536K, 75% used [0x00000000eb600000,0x00000000eb721a00,0x00000000eb780000)
  to   space 1536K, 0% used [0x00000000eb400000,0x00000000eb400000,0x00000000eb580000)
 ParOldGen       total 385024K, used 381077K [0x00000000c0000000, 0x00000000d7800000, 0x00000000eab00000)
  object space 385024K, 98% used [0x00000000c0000000,0x00000000d7425710,0x00000000d7800000)
 Metaspace       used 85996K, committed 87104K, reserved 1130496K
  class space    used 8653K, committed 9152K, reserved 1048576K
}
Event: 2557.915 GC heap after
{Heap after GC invocations=3866 (full 61):
 PSYoungGen      total 8704K, used 944K [0x00000000eab00000, 0x00000000eb680000, 0x0000000100000000)
  eden space 7680K, 0% used [0x00000000eab00000,0x00000000eab00000,0x00000000eb280000)
  from space 1024K, 92% used [0x00000000eb400000,0x00000000eb4ec010,0x00000000eb500000)
  to   space 1536K, 0% used [0x00000000eb500000,0x00000000eb500000,0x00000000eb680000)
 ParOldGen       total 385024K, used 381720K [0x00000000c0000000, 0x00000000d7800000, 0x00000000eab00000)
  object space 385024K, 99% used [0x00000000c0000000,0x00000000d74c6030,0x00000000d7800000)
 Metaspace       used 85996K, committed 87104K, reserved 1130496K
  class space    used 8653K, committed 9152K, reserved 1048576K
}
Event: 2853.521 GC heap before
{Heap before GC invocations=3867 (full 61):
 PSYoungGen      total 8704K, used 8624K [0x00000000eab00000, 0x00000000eb680000, 0x0000000100000000)
  eden space 7680K, 99% used [0x00000000eab00000,0x00000000eb27fff0,0x00000000eb280000)
  from space 1024K, 92% used [0x00000000eb400000,0x00000000eb4ec010,0x00000000eb500000)
  to   space 1536K, 0% used [0x00000000eb500000,0x00000000eb500000,0x00000000eb680000)
 ParOldGen       total 385024K, used 381720K [0x00000000c0000000, 0x00000000d7800000, 0x00000000eab00000)
  object space 385024K, 99% used [0x00000000c0000000,0x00000000d74c6030,0x00000000d7800000)
 Metaspace       used 86004K, committed 87104K, reserved 1130496K
  class space    used 8653K, committed 9152K, reserved 1048576K
}
Event: 2853.523 GC heap after
{Heap after GC invocations=3867 (full 61):
 PSYoungGen      total 8704K, used 624K [0x00000000eab00000, 0x00000000eb600000, 0x0000000100000000)
  eden space 7680K, 0% used [0x00000000eab00000,0x00000000eab00000,0x00000000eb280000)
  from space 1024K, 60% used [0x00000000eb500000,0x00000000eb59c010,0x00000000eb600000)
  to   space 1024K, 0% used [0x00000000eb400000,0x00000000eb400000,0x00000000eb500000)
 ParOldGen       total 385024K, used 382572K [0x00000000c0000000, 0x00000000d7800000, 0x00000000eab00000)
  object space 385024K, 99% used [0x00000000c0000000,0x00000000d759b270,0x00000000d7800000)
 Metaspace       used 86004K, committed 87104K, reserved 1130496K
  class space    used 8653K, committed 9152K, reserved 1048576K
}
Event: 2853.579 GC heap before
{Heap before GC invocations=3868 (full 61):
 PSYoungGen      total 8704K, used 8304K [0x00000000eab00000, 0x00000000eb600000, 0x0000000100000000)
  eden space 7680K, 100% used [0x00000000eab00000,0x00000000eb280000,0x00000000eb280000)
  from space 1024K, 60% used [0x00000000eb500000,0x00000000eb59c010,0x00000000eb600000)
  to   space 1024K, 0% used [0x00000000eb400000,0x00000000eb400000,0x00000000eb500000)
 ParOldGen       total 385024K, used 382572K [0x00000000c0000000, 0x00000000d7800000, 0x00000000eab00000)
  object space 385024K, 99% used [0x00000000c0000000,0x00000000d759b270,0x00000000d7800000)
 Metaspace       used 86008K, committed 87104K, reserved 1130496K
  class space    used 8653K, committed 9152K, reserved 1048576K
}
Event: 2853.583 GC heap after
{Heap after GC invocations=3868 (full 61):
 PSYoungGen      total 8704K, used 160K [0x00000000eab00000, 0x00000000eb580000, 0x0000000100000000)
  eden space 7680K, 0% used [0x00000000eab00000,0x00000000eab00000,0x00000000eb280000)
  from space 1024K, 15% used [0x00000000eb400000,0x00000000eb428000,0x00000000eb500000)
  to   space 512K, 0% used [0x00000000eb500000,0x00000000eb500000,0x00000000eb580000)
 ParOldGen       total 385024K, used 383158K [0x00000000c0000000, 0x00000000d7800000, 0x00000000eab00000)
  object space 385024K, 99% used [0x00000000c0000000,0x00000000d762db90,0x00000000d7800000)
 Metaspace       used 86008K, committed 87104K, reserved 1130496K
  class space    used 8653K, committed 9152K, reserved 1048576K
}
Event: 2894.363 GC heap before
{Heap before GC invocations=3869 (full 61):
 PSYoungGen      total 8704K, used 7840K [0x00000000eab00000, 0x00000000eb580000, 0x0000000100000000)
  eden space 7680K, 100% used [0x00000000eab00000,0x00000000eb280000,0x00000000eb280000)
  from space 1024K, 15% used [0x00000000eb400000,0x00000000eb428000,0x00000000eb500000)
  to   space 512K, 0% used [0x00000000eb500000,0x00000000eb500000,0x00000000eb580000)
 ParOldGen       total 385024K, used 383158K [0x00000000c0000000, 0x00000000d7800000, 0x00000000eab00000)
  object space 385024K, 99% used [0x00000000c0000000,0x00000000d762db90,0x00000000d7800000)
 Metaspace       used 86009K, committed 87104K, reserved 1130496K
  class space    used 8653K, committed 9152K, reserved 1048576K
}
Event: 2894.365 GC heap after
{Heap after GC invocations=3869 (full 61):
 PSYoungGen      total 8192K, used 512K [0x00000000eab00000, 0x00000000eb580000, 0x0000000100000000)
  eden space 7680K, 0% used [0x00000000eab00000,0x00000000eab00000,0x00000000eb280000)
  from space 512K, 100% used [0x00000000eb500000,0x00000000eb580000,0x00000000eb580000)
  to   space 1024K, 0% used [0x00000000eb380000,0x00000000eb380000,0x00000000eb480000)
 ParOldGen       total 385024K, used 383257K [0x00000000c0000000, 0x00000000d7800000, 0x00000000eab00000)
  object space 385024K, 99% used [0x00000000c0000000,0x00000000d7646490,0x00000000d7800000)
 Metaspace       used 86009K, committed 87104K, reserved 1130496K
  class space    used 8653K, committed 9152K, reserved 1048576K
}
Event: 2894.589 GC heap before
{Heap before GC invocations=3870 (full 61):
 PSYoungGen      total 8192K, used 8192K [0x00000000eab00000, 0x00000000eb580000, 0x0000000100000000)
  eden space 7680K, 100% used [0x00000000eab00000,0x00000000eb280000,0x00000000eb280000)
  from space 512K, 100% used [0x00000000eb500000,0x00000000eb580000,0x00000000eb580000)
  to   space 1024K, 0% used [0x00000000eb380000,0x00000000eb380000,0x00000000eb480000)
 ParOldGen       total 385024K, used 383257K [0x00000000c0000000, 0x00000000d7800000, 0x00000000eab00000)
  object space 385024K, 99% used [0x00000000c0000000,0x00000000d7646490,0x00000000d7800000)
 Metaspace       used 86010K, committed 87104K, reserved 1130496K
  class space    used 8653K, committed 9152K, reserved 1048576K
}
Event: 2894.594 GC heap after
{Heap after GC invocations=3870 (full 61):
 PSYoungGen      total 8704K, used 1014K [0x00000000eab00000, 0x00000000ebc80000, 0x0000000100000000)
  eden space 7680K, 0% used [0x00000000eab00000,0x00000000eab00000,0x00000000eb280000)
  from space 1024K, 99% used [0x00000000eb380000,0x00000000eb47da10,0x00000000eb480000)
  to   space 5120K, 0% used [0x00000000eb780000,0x00000000eb780000,0x00000000ebc80000)
 ParOldGen       total 387072K, used 386671K [0x00000000c0000000, 0x00000000d7a00000, 0x00000000eab00000)
  object space 387072K, 99% used [0x00000000c0000000,0x00000000d799bc30,0x00000000d7a00000)
 Metaspace       used 86010K, committed 87104K, reserved 1130496K
  class space    used 8653K, committed 9152K, reserved 1048576K
}
Event: 2894.594 GC heap before
{Heap before GC invocations=3871 (full 62):
 PSYoungGen      total 8704K, used 1014K [0x00000000eab00000, 0x00000000ebc80000, 0x0000000100000000)
  eden space 7680K, 0% used [0x00000000eab00000,0x00000000eab00000,0x00000000eb280000)
  from space 1024K, 99% used [0x00000000eb380000,0x00000000eb47da10,0x00000000eb480000)
  to   space 5120K, 0% used [0x00000000eb780000,0x00000000eb780000,0x00000000ebc80000)
 ParOldGen       total 387072K, used 386671K [0x00000000c0000000, 0x00000000d7a00000, 0x00000000eab00000)
  object space 387072K, 99% used [0x00000000c0000000,0x00000000d799bc30,0x00000000d7a00000)
 Metaspace       used 86010K, committed 87104K, reserved 1130496K
  class space    used 8653K, committed 9152K, reserved 1048576K
}

Dll operation events (13 events):
Event: 0.011 Loaded shared library c:\Users\sande\.vscode\extensions\redhat.java-1.13.0-win32-x64\jre\17.0.5-win32-x86_64\bin\java.dll
Event: 0.366 Loaded shared library c:\Users\sande\.vscode\extensions\redhat.java-1.13.0-win32-x64\jre\17.0.5-win32-x86_64\bin\zip.dll
Event: 0.370 Loaded shared library C:\Users\sande\.vscode\extensions\redhat.java-1.13.0-win32-x64\jre\17.0.5-win32-x86_64\bin\instrument.dll
Event: 0.385 Loaded shared library C:\Users\sande\.vscode\extensions\redhat.java-1.13.0-win32-x64\jre\17.0.5-win32-x86_64\bin\net.dll
Event: 0.397 Loaded shared library C:\Users\sande\.vscode\extensions\redhat.java-1.13.0-win32-x64\jre\17.0.5-win32-x86_64\bin\nio.dll
Event: 0.405 Loaded shared library C:\Users\sande\.vscode\extensions\redhat.java-1.13.0-win32-x64\jre\17.0.5-win32-x86_64\bin\zip.dll
Event: 0.423 Loaded shared library C:\Users\sande\.vscode\extensions\redhat.java-1.13.0-win32-x64\jre\17.0.5-win32-x86_64\bin\jimage.dll
Event: 0.585 Loaded shared library c:\Users\sande\.vscode\extensions\redhat.java-1.13.0-win32-x64\jre\17.0.5-win32-x86_64\bin\verify.dll
Event: 3.089 Loaded shared library C:\Users\sande\AppData\Roaming\Code\User\globalStorage\redhat.java\1.13.0\config_win\org.eclipse.equinox.launcher\org.eclipse.equinox.launcher.win32.win32.x86_64_1.2.600.v20220720-1916\eclipse_11700.dll
Event: 3.989 Loaded shared library C:\Users\sande\.vscode\extensions\redhat.java-1.13.0-win32-x64\jre\17.0.5-win32-x86_64\bin\management.dll
Event: 3.992 Loaded shared library C:\Users\sande\.vscode\extensions\redhat.java-1.13.0-win32-x64\jre\17.0.5-win32-x86_64\bin\management_ext.dll
Event: 5.886 Loaded shared library C:\Users\sande\AppData\Local\Temp\jna--764911444\jna296103246312862888.dll
Event: 107.873 Loaded shared library C:\Users\sande\.vscode\extensions\redhat.java-1.13.0-win32-x64\jre\17.0.5-win32-x86_64\bin\sunmscapi.dll

Deoptimization events (20 events):
Event: 2890.436 Thread 0x000001ad63ebd520 Uncommon trap: trap_request=0xffffffc6 fr.pc=0x000001ad55518128 relative=0x0000000000001888
Event: 2890.436 Thread 0x000001ad63ebd520 Uncommon trap: reason=bimorphic_or_optimized_type_check action=maybe_recompile pc=0x000001ad55518128 method=org.eclipse.jdt.internal.core.JavaProjectElementInfo.initializePackageNames(Lorg/eclipse/jdt/core/IPackageFragmentRoot;Lorg/eclipse/jdt/internal/co
Event: 2890.436 Thread 0x000001ad63ebd520 DEOPT PACKING pc=0x000001ad55518128 sp=0x0000009fb58fe840
Event: 2890.436 Thread 0x000001ad63ebd520 DEOPT UNPACKING pc=0x000001ad4cd520a3 sp=0x0000009fb58fe798 mode 2
Event: 2890.437 Thread 0x000001ad63ebd520 Uncommon trap: trap_request=0xffffff45 fr.pc=0x000001ad5515c714 relative=0x00000000000008b4
Event: 2890.437 Thread 0x000001ad63ebd520 Uncommon trap: reason=unstable_if action=reinterpret pc=0x000001ad5515c714 method=org.eclipse.jdt.internal.core.PackageFragmentRoot.fullInclusionPatternChars()[[C @ 4 c2
Event: 2890.437 Thread 0x000001ad63ebd520 DEOPT PACKING pc=0x000001ad5515c714 sp=0x0000009fb58fe660
Event: 2890.437 Thread 0x000001ad63ebd520 DEOPT UNPACKING pc=0x000001ad4cd520a3 sp=0x0000009fb58fe688 mode 2
Event: 2890.863 Thread 0x000001ad604c6530 Uncommon trap: trap_request=0xffffff45 fr.pc=0x000001ad5502e5b0 relative=0x0000000000000110
Event: 2890.863 Thread 0x000001ad604c6530 Uncommon trap: reason=unstable_if action=reinterpret pc=0x000001ad5502e5b0 method=org.eclipse.core.runtime.SubMonitor.consume(D)I @ 35 c2
Event: 2890.863 Thread 0x000001ad604c6530 DEOPT PACKING pc=0x000001ad5502e5b0 sp=0x0000009fb64fdd70
Event: 2890.863 Thread 0x000001ad604c6530 DEOPT UNPACKING pc=0x000001ad4cd520a3 sp=0x0000009fb64fdce8 mode 2
Event: 2894.376 Thread 0x000001ad63eb8350 Uncommon trap: trap_request=0xffffffc6 fr.pc=0x000001ad55518128 relative=0x0000000000001888
Event: 2894.376 Thread 0x000001ad63eb8350 Uncommon trap: reason=bimorphic_or_optimized_type_check action=maybe_recompile pc=0x000001ad55518128 method=org.eclipse.jdt.internal.core.JavaProjectElementInfo.initializePackageNames(Lorg/eclipse/jdt/core/IPackageFragmentRoot;Lorg/eclipse/jdt/internal/co
Event: 2894.376 Thread 0x000001ad63eb8350 DEOPT PACKING pc=0x000001ad55518128 sp=0x0000009fb50fe2e0
Event: 2894.376 Thread 0x000001ad63eb8350 DEOPT UNPACKING pc=0x000001ad4cd520a3 sp=0x0000009fb50fe238 mode 2
Event: 2894.382 Thread 0x000001ad63eb8350 Uncommon trap: trap_request=0xffffffc6 fr.pc=0x000001ad54aa5f80 relative=0x0000000000000a00
Event: 2894.382 Thread 0x000001ad63eb8350 Uncommon trap: reason=bimorphic_or_optimized_type_check action=maybe_recompile pc=0x000001ad54aa5f80 method=org.eclipse.jdt.internal.core.util.Util.isExcluded(Lorg/eclipse/jdt/core/IJavaElement;)Z @ 1 c2
Event: 2894.382 Thread 0x000001ad63eb8350 DEOPT PACKING pc=0x000001ad54aa5f80 sp=0x0000009fb50fd7d0
Event: 2894.382 Thread 0x000001ad63eb8350 DEOPT UNPACKING pc=0x000001ad4cd520a3 sp=0x0000009fb50fd7b0 mode 2

Classes unloaded (20 events):
Event: 1198.181 Thread 0x000001ad48745d80 Unloading class 0x0000000100213800 'java/lang/invoke/LambdaForm$MH+0x0000000100213800'
Event: 1198.181 Thread 0x000001ad48745d80 Unloading class 0x00000001001cf000 'jdk/internal/reflect/GeneratedConstructorAccessor4'
Event: 1198.181 Thread 0x000001ad48745d80 Unloading class 0x00000001001a2800 'java/lang/invoke/LambdaForm$MH+0x00000001001a2800'
Event: 1198.181 Thread 0x000001ad48745d80 Unloading class 0x00000001001a2000 'java/lang/invoke/LambdaForm$MH+0x00000001001a2000'
Event: 1198.181 Thread 0x000001ad48745d80 Unloading class 0x00000001001a1c00 'java/lang/invoke/LambdaForm$MH+0x00000001001a1c00'
Event: 1198.181 Thread 0x000001ad48745d80 Unloading class 0x00000001001a1800 'java/lang/invoke/LambdaForm$MH+0x00000001001a1800'
Event: 1198.181 Thread 0x000001ad48745d80 Unloading class 0x00000001001a1000 'java/lang/invoke/LambdaForm$MH+0x00000001001a1000'
Event: 1198.181 Thread 0x000001ad48745d80 Unloading class 0x00000001001a0c00 'java/lang/invoke/LambdaForm$MH+0x00000001001a0c00'
Event: 1198.181 Thread 0x000001ad48745d80 Unloading class 0x00000001001a0800 'java/lang/invoke/LambdaForm$MH+0x00000001001a0800'
Event: 1198.181 Thread 0x000001ad48745d80 Unloading class 0x00000001001a0000 'java/lang/invoke/LambdaForm$MH+0x00000001001a0000'
Event: 1198.181 Thread 0x000001ad48745d80 Unloading class 0x000000010012d000 'jdk/internal/reflect/GeneratedMethodAccessor5'
Event: 1198.181 Thread 0x000001ad48745d80 Unloading class 0x000000010012cc00 'jdk/internal/reflect/GeneratedMethodAccessor4'
Event: 1198.181 Thread 0x000001ad48745d80 Unloading class 0x000000010012c800 'jdk/internal/reflect/GeneratedMethodAccessor3'
Event: 1198.181 Thread 0x000001ad48745d80 Unloading class 0x000000010012c400 'jdk/internal/reflect/GeneratedMethodAccessor2'
Event: 1198.181 Thread 0x000001ad48745d80 Unloading class 0x000000010012c000 'jdk/internal/reflect/GeneratedMethodAccessor1'
Event: 2894.673 Thread 0x000001ad48745d80 Unloading class 0x000000010090c000 'jdk/internal/reflect/GeneratedMethodAccessor42'
Event: 2894.673 Thread 0x000001ad48745d80 Unloading class 0x00000001008e1400 'jdk/internal/reflect/GeneratedConstructorAccessor76'
Event: 2894.673 Thread 0x000001ad48745d80 Unloading class 0x00000001003c2800 'jdk/internal/reflect/GeneratedSerializationConstructorAccessor6'
Event: 2894.673 Thread 0x000001ad48745d80 Unloading class 0x00000001004a8000 'jdk/internal/reflect/GeneratedSerializationConstructorAccessor5'
Event: 2894.673 Thread 0x000001ad48745d80 Unloading class 0x0000000100550800 'jdk/internal/reflect/GeneratedSerializationConstructorAccessor4'

Classes redefined (0 events):
No events

Internal exceptions (20 events):
Event: 1951.948 Thread 0x000001ad63eb8cf0 Exception <a 'sun/net/ConnectionResetException'{0x00000000eab01368}: Connection reset> (0x00000000eab01368) 
thrown [s\src\hotspot\share\prims\jni.cpp, line 535]
Event: 1952.006 Thread 0x000001ad617f1830 Exception <a 'sun/nio/fs/WindowsException'{0x00000000eabb2388}> (0x00000000eabb2388) 
thrown [s\src\hotspot\share\prims\jni.cpp, line 516]
Event: 1954.180 Thread 0x000001ad617f1830 Exception <a 'sun/nio/fs/WindowsException'{0x00000000eab8d8c0}> (0x00000000eab8d8c0) 
thrown [s\src\hotspot\share\prims\jni.cpp, line 516]
Event: 1954.362 Thread 0x000001ad617f1830 Exception <a 'sun/nio/fs/WindowsException'{0x00000000eae06e80}> (0x00000000eae06e80) 
thrown [s\src\hotspot\share\prims\jni.cpp, line 516]
Event: 2009.609 Thread 0x000001ad617f1830 Exception <a 'sun/nio/fs/WindowsException'{0x00000000eac4adb8}> (0x00000000eac4adb8) 
thrown [s\src\hotspot\share\prims\jni.cpp, line 516]
Event: 2009.930 Thread 0x000001ad617f1830 Exception <a 'sun/nio/fs/WindowsException'{0x00000000ead9f1b8}> (0x00000000ead9f1b8) 
thrown [s\src\hotspot\share\prims\jni.cpp, line 516]
Event: 2026.107 Thread 0x000001ad63eb8350 Exception <a 'sun/nio/fs/WindowsException'{0x00000000eab55930}> (0x00000000eab55930) 
thrown [s\src\hotspot\share\prims\jni.cpp, line 516]
Event: 2026.107 Thread 0x000001ad63eb8350 Exception <a 'sun/nio/fs/WindowsException'{0x00000000eab55c10}> (0x00000000eab55c10) 
thrown [s\src\hotspot\share\prims\jni.cpp, line 516]
Event: 2026.107 Thread 0x000001ad63eb8350 Exception <a 'sun/nio/fs/WindowsException'{0x00000000eab56570}> (0x00000000eab56570) 
thrown [s\src\hotspot\share\prims\jni.cpp, line 516]
Event: 2026.107 Thread 0x000001ad63eb8350 Exception <a 'sun/nio/fs/WindowsException'{0x00000000eab56840}> (0x00000000eab56840) 
thrown [s\src\hotspot\share\prims\jni.cpp, line 516]
Event: 2044.466 Thread 0x000001ad617f1830 Exception <a 'sun/nio/fs/WindowsException'{0x00000000eab27830}> (0x00000000eab27830) 
thrown [s\src\hotspot\share\prims\jni.cpp, line 516]
Event: 2045.029 Thread 0x000001ad617f1830 Exception <a 'sun/nio/fs/WindowsException'{0x00000000eab71dc8}> (0x00000000eab71dc8) 
thrown [s\src\hotspot\share\prims\jni.cpp, line 516]
Event: 2054.109 Thread 0x000001ad617f1830 Exception <a 'sun/nio/fs/WindowsException'{0x00000000eab08df0}> (0x00000000eab08df0) 
thrown [s\src\hotspot\share\prims\jni.cpp, line 516]
Event: 2054.326 Thread 0x000001ad604c51f0 Implicit null exception at 0x000001ad55986408 to 0x000001ad559864e0
Event: 2054.813 Thread 0x000001ad617f1830 Exception <a 'sun/nio/fs/WindowsException'{0x00000000eabcba38}> (0x00000000eabcba38) 
thrown [s\src\hotspot\share\prims\jni.cpp, line 516]
Event: 2060.903 Thread 0x000001ad63eb8350 Exception <a 'sun/nio/fs/WindowsException'{0x00000000eabc6b60}> (0x00000000eabc6b60) 
thrown [s\src\hotspot\share\prims\jni.cpp, line 516]
Event: 2060.903 Thread 0x000001ad63eb8350 Exception <a 'sun/nio/fs/WindowsException'{0x00000000eabc6e40}> (0x00000000eabc6e40) 
thrown [s\src\hotspot\share\prims\jni.cpp, line 516]
Event: 2060.903 Thread 0x000001ad63eb8350 Exception <a 'sun/nio/fs/WindowsException'{0x00000000eabc77a0}> (0x00000000eabc77a0) 
thrown [s\src\hotspot\share\prims\jni.cpp, line 516]
Event: 2060.903 Thread 0x000001ad63eb8350 Exception <a 'sun/nio/fs/WindowsException'{0x00000000eabc7a70}> (0x00000000eabc7a70) 
thrown [s\src\hotspot\share\prims\jni.cpp, line 516]
Event: 2887.774 Thread 0x000001ad604c6530 Exception <a 'sun/nio/fs/WindowsException'{0x00000000eadf2db0}> (0x00000000eadf2db0) 
thrown [s\src\hotspot\share\prims\jni.cpp, line 516]

VM Operations (20 events):
Event: 2548.995 Executing VM operation: ParallelGCFailedAllocation done
Event: 2552.228 Executing VM operation: ParallelGCFailedAllocation
Event: 2552.232 Executing VM operation: ParallelGCFailedAllocation done
Event: 2552.467 Executing VM operation: ParallelGCFailedAllocation
Event: 2552.471 Executing VM operation: ParallelGCFailedAllocation done
Event: 2557.889 Executing VM operation: ParallelGCFailedAllocation
Event: 2557.893 Executing VM operation: ParallelGCFailedAllocation done
Event: 2557.912 Executing VM operation: ParallelGCFailedAllocation
Event: 2557.915 Executing VM operation: ParallelGCFailedAllocation done
Event: 2853.520 Executing VM operation: ParallelGCFailedAllocation
Event: 2853.523 Executing VM operation: ParallelGCFailedAllocation done
Event: 2853.579 Executing VM operation: ParallelGCFailedAllocation
Event: 2853.583 Executing VM operation: ParallelGCFailedAllocation done
Event: 2887.781 Executing VM operation: Cleanup
Event: 2887.781 Executing VM operation: Cleanup done
Event: 2890.786 Executing VM operation: Cleanup
Event: 2890.787 Executing VM operation: Cleanup done
Event: 2894.363 Executing VM operation: ParallelGCFailedAllocation
Event: 2894.365 Executing VM operation: ParallelGCFailedAllocation done
Event: 2894.589 Executing VM operation: ParallelGCFailedAllocation

Events (20 events):
Event: 2183.779 Thread 0x000001ad63ebcb80 Thread added: 0x000001ad63ebcb80
Event: 2183.779 Thread 0x000001ad63ebcb80 Thread exited: 0x000001ad63ebcb80
Event: 2183.779 Thread 0x000001ad63ebdec0 Thread exited: 0x000001ad63ebdec0
Event: 2183.779 Thread 0x000001ad63ebaea0 Thread exited: 0x000001ad63ebaea0
Event: 2196.856 Thread 0x000001ad604c56c0 Thread exited: 0x000001ad604c56c0
Event: 2256.858 Thread 0x000001ad604c1360 Thread exited: 0x000001ad604c1360
Event: 2316.871 Thread 0x000001ad63eba9d0 Thread exited: 0x000001ad63eba9d0
Event: 2522.767 Thread 0x000001ad63eb7e80 Thread added: 0x000001ad63eb7e80
Event: 2522.772 Thread 0x000001ad63eb9690 Thread added: 0x000001ad63eb9690
Event: 2522.780 Thread 0x000001ad63eb8350 Thread added: 0x000001ad63eb8350
Event: 2523.453 Thread 0x000001ad63ebcb80 Thread added: 0x000001ad63ebcb80
Event: 2523.465 Thread 0x000001ad63ebd520 Thread added: 0x000001ad63ebd520
Event: 2617.998 Thread 0x000001ad63eb7e80 Thread exited: 0x000001ad63eb7e80
Event: 2678.013 Thread 0x000001ad63ebcb80 Thread exited: 0x000001ad63ebcb80
Event: 2738.013 Thread 0x000001ad63eb9690 Thread exited: 0x000001ad63eb9690
Event: 2798.013 Thread 0x000001ad63eb8350 Thread exited: 0x000001ad63eb8350
Event: 2853.520 Thread 0x000001ad63ebaea0 Thread added: 0x000001ad63ebaea0
Event: 2894.368 Thread 0x000001ad63eb8350 Thread added: 0x000001ad63eb8350
Event: 2894.375 Thread 0x000001ad63ebcb80 Thread added: 0x000001ad63ebcb80
Event: 2894.483 Thread 0x000001ad63eba9d0 Thread added: 0x000001ad63eba9d0


Dynamic libraries:
0x00007ff72fbe0000 - 0x00007ff72fbee000 	c:\Users\sande\.vscode\extensions\redhat.java-1.13.0-win32-x64\jre\17.0.5-win32-x86_64\bin\java.exe
0x00007ffe67fd0000 - 0x00007ffe681c8000 	C:\Windows\SYSTEM32\ntdll.dll
0x00007ffe67020000 - 0x00007ffe670df000 	C:\Windows\System32\KERNEL32.DLL
0x00007ffe65810000 - 0x00007ffe65ae2000 	C:\Windows\System32\KERNELBASE.dll
0x00007ffe65f10000 - 0x00007ffe66010000 	C:\Windows\System32\ucrtbase.dll
0x00007ffe5df60000 - 0x00007ffe5df77000 	c:\Users\sande\.vscode\extensions\redhat.java-1.13.0-win32-x64\jre\17.0.5-win32-x86_64\bin\jli.dll
0x00007ffe66e70000 - 0x00007ffe67011000 	C:\Windows\System32\USER32.dll
0x00007ffe65af0000 - 0x00007ffe65b12000 	C:\Windows\System32\win32u.dll
0x00007ffe66e40000 - 0x00007ffe66e6b000 	C:\Windows\System32\GDI32.dll
0x00007ffe65c00000 - 0x00007ffe65d0f000 	C:\Windows\System32\gdi32full.dll
0x00007ffe656c0000 - 0x00007ffe6575d000 	C:\Windows\System32\msvcp_win.dll
0x00007ffe5db70000 - 0x00007ffe5db89000 	c:\Users\sande\.vscode\extensions\redhat.java-1.13.0-win32-x64\jre\17.0.5-win32-x86_64\bin\VCRUNTIME140.dll
0x00007ffe4e6d0000 - 0x00007ffe4e96a000 	C:\Windows\WinSxS\amd64_microsoft.windows.common-controls_6595b64144ccf1df_6.0.19041.1110_none_60b5254171f9507e\COMCTL32.dll
0x00007ffe66270000 - 0x00007ffe6630e000 	C:\Windows\System32\msvcrt.dll
0x00007ffe66980000 - 0x00007ffe669b2000 	C:\Windows\System32\IMM32.DLL
0x00007ffe3b7d0000 - 0x00007ffe3b813000 	C:\Program Files (x86)\K7 Computing\K7TSecurity\K7CrvrEx64.dll
0x00007ffe661c0000 - 0x00007ffe6626e000 	C:\Windows\System32\ADVAPI32.dll
0x00007ffe66c50000 - 0x00007ffe66cec000 	C:\Windows\System32\sechost.dll
0x00007ffe66370000 - 0x00007ffe66495000 	C:\Windows\System32\RPCRT4.dll
0x00007ffe624a0000 - 0x00007ffe624ac000 	c:\Users\sande\.vscode\extensions\redhat.java-1.13.0-win32-x64\jre\17.0.5-win32-x86_64\bin\vcruntime140_1.dll
0x00007ffe277a0000 - 0x00007ffe27831000 	c:\Users\sande\.vscode\extensions\redhat.java-1.13.0-win32-x64\jre\17.0.5-win32-x86_64\bin\msvcp140.dll
0x00007ffe10470000 - 0x00007ffe110b4000 	c:\Users\sande\.vscode\extensions\redhat.java-1.13.0-win32-x64\jre\17.0.5-win32-x86_64\bin\server\jvm.dll
0x00007ffe5d900000 - 0x00007ffe5d909000 	C:\Windows\SYSTEM32\WSOCK32.dll
0x00007ffe66cf0000 - 0x00007ffe66d5b000 	C:\Windows\System32\WS2_32.dll
0x00007ffe4e310000 - 0x00007ffe4e337000 	C:\Windows\SYSTEM32\WINMM.dll
0x00007ffe5d8c0000 - 0x00007ffe5d8ca000 	C:\Windows\SYSTEM32\VERSION.dll
0x00007ffe63580000 - 0x00007ffe63592000 	C:\Windows\SYSTEM32\kernel.appcore.dll
0x00007ffe62470000 - 0x00007ffe6247a000 	c:\Users\sande\.vscode\extensions\redhat.java-1.13.0-win32-x64\jre\17.0.5-win32-x86_64\bin\jimage.dll
0x00007ffe54c00000 - 0x00007ffe54de4000 	C:\Windows\SYSTEM32\DBGHELP.DLL
0x00007ffe54bc0000 - 0x00007ffe54bf5000 	C:\Windows\SYSTEM32\dbgcore.DLL
0x00007ffe65b20000 - 0x00007ffe65ba2000 	C:\Windows\System32\bcryptPrimitives.dll
0x00007ffe62450000 - 0x00007ffe6245e000 	c:\Users\sande\.vscode\extensions\redhat.java-1.13.0-win32-x64\jre\17.0.5-win32-x86_64\bin\instrument.dll
0x00007ffe47f30000 - 0x00007ffe47f55000 	c:\Users\sande\.vscode\extensions\redhat.java-1.13.0-win32-x64\jre\17.0.5-win32-x86_64\bin\java.dll
0x00007ffe5d9e0000 - 0x00007ffe5d9f8000 	c:\Users\sande\.vscode\extensions\redhat.java-1.13.0-win32-x64\jre\17.0.5-win32-x86_64\bin\zip.dll
0x00007ffe67290000 - 0x00007ffe679d4000 	C:\Windows\System32\SHELL32.dll
0x00007ffe63780000 - 0x00007ffe63f12000 	C:\Windows\SYSTEM32\windows.storage.dll
0x00007ffe679e0000 - 0x00007ffe67d35000 	C:\Windows\System32\combase.dll
0x00007ffe65120000 - 0x00007ffe65150000 	C:\Windows\SYSTEM32\Wldp.dll
0x00007ffe66b70000 - 0x00007ffe66c1d000 	C:\Windows\System32\SHCORE.dll
0x00007ffe664a0000 - 0x00007ffe664f5000 	C:\Windows\System32\shlwapi.dll
0x00007ffe65600000 - 0x00007ffe6561f000 	C:\Windows\SYSTEM32\profapi.dll
0x00007ffe5d970000 - 0x00007ffe5d989000 	C:\Users\sande\.vscode\extensions\redhat.java-1.13.0-win32-x64\jre\17.0.5-win32-x86_64\bin\net.dll
0x00007ffe5e200000 - 0x00007ffe5e30c000 	C:\Windows\SYSTEM32\WINHTTP.dll
0x00007ffe64e80000 - 0x00007ffe64eea000 	C:\Windows\system32\mswsock.dll
0x00007ffe53440000 - 0x00007ffe53455000 	C:\Users\sande\.vscode\extensions\redhat.java-1.13.0-win32-x64\jre\17.0.5-win32-x86_64\bin\nio.dll
0x00007ffe60450000 - 0x00007ffe60460000 	c:\Users\sande\.vscode\extensions\redhat.java-1.13.0-win32-x64\jre\17.0.5-win32-x86_64\bin\verify.dll
0x00007ffe5db90000 - 0x00007ffe5dbce000 	C:\Users\sande\AppData\Roaming\Code\User\globalStorage\redhat.java\1.13.0\config_win\org.eclipse.equinox.launcher\org.eclipse.equinox.launcher.win32.win32.x86_64_1.2.600.v20220720-1916\eclipse_11700.dll
0x00007ffe67d40000 - 0x00007ffe67e6a000 	C:\Windows\System32\ole32.dll
0x00007ffe5fee0000 - 0x00007ffe5fee9000 	C:\Users\sande\.vscode\extensions\redhat.java-1.13.0-win32-x64\jre\17.0.5-win32-x86_64\bin\management.dll
0x00007ffe5f390000 - 0x00007ffe5f39b000 	C:\Users\sande\.vscode\extensions\redhat.java-1.13.0-win32-x64\jre\17.0.5-win32-x86_64\bin\management_ext.dll
0x00007ffe67f20000 - 0x00007ffe67f28000 	C:\Windows\System32\PSAPI.DLL
0x00007ffe65070000 - 0x00007ffe65088000 	C:\Windows\SYSTEM32\CRYPTSP.dll
0x00007ffe64730000 - 0x00007ffe64764000 	C:\Windows\system32\rsaenh.dll
0x00007ffe65d10000 - 0x00007ffe65d37000 	C:\Windows\System32\bcrypt.dll
0x00007ffe655c0000 - 0x00007ffe655ee000 	C:\Windows\SYSTEM32\USERENV.dll
0x00007ffe65090000 - 0x00007ffe6509c000 	C:\Windows\SYSTEM32\CRYPTBASE.dll
0x00007ffe64b20000 - 0x00007ffe64b5b000 	C:\Windows\SYSTEM32\IPHLPAPI.DLL
0x00007ffe66500000 - 0x00007ffe66508000 	C:\Windows\System32\NSI.dll
0x00007ffe5b030000 - 0x00007ffe5b047000 	C:\Windows\SYSTEM32\dhcpcsvc6.DLL
0x00007ffe5c140000 - 0x00007ffe5c15d000 	C:\Windows\SYSTEM32\dhcpcsvc.DLL
0x00007ffe64b70000 - 0x00007ffe64c3a000 	C:\Windows\SYSTEM32\DNSAPI.dll
0x00007ffe5fa00000 - 0x00007ffe5fa40000 	C:\Users\sande\AppData\Local\Temp\jna--764911444\jna296103246312862888.dll
0x00007ffe5e690000 - 0x00007ffe5e69e000 	C:\Users\sande\.vscode\extensions\redhat.java-1.13.0-win32-x64\jre\17.0.5-win32-x86_64\bin\sunmscapi.dll
0x00007ffe65d40000 - 0x00007ffe65e96000 	C:\Windows\System32\CRYPT32.dll
0x00007ffe65190000 - 0x00007ffe651b7000 	C:\Windows\SYSTEM32\ncrypt.dll
0x00007ffe65150000 - 0x00007ffe6518b000 	C:\Windows\SYSTEM32\NTASN1.dll
0x00007ffe5d390000 - 0x00007ffe5d39a000 	C:\Windows\System32\rasadhlp.dll
0x00007ffe53090000 - 0x00007ffe53110000 	C:\Windows\System32\fwpuclnt.dll

dbghelp: loaded successfully - version: 4.0.5 - missing functions: none
symbol engine: initialized successfully - sym options: 0x614 - pdb path: .;c:\Users\sande\.vscode\extensions\redhat.java-1.13.0-win32-x64\jre\17.0.5-win32-x86_64\bin;C:\Windows\SYSTEM32;C:\Windows\WinSxS\amd64_microsoft.windows.common-controls_6595b64144ccf1df_6.0.19041.1110_none_60b5254171f9507e;C:\Program Files (x86)\K7 Computing\K7TSecurity;c:\Users\sande\.vscode\extensions\redhat.java-1.13.0-win32-x64\jre\17.0.5-win32-x86_64\bin\server;C:\Users\sande\AppData\Roaming\Code\User\globalStorage\redhat.java\1.13.0\config_win\org.eclipse.equinox.launcher\org.eclipse.equinox.launcher.win32.win32.x86_64_1.2.600.v20220720-1916;C:\Users\sande\AppData\Local\Temp\jna--764911444

VM Arguments:
jvm_args: --add-modules=ALL-SYSTEM --add-opens=java.base/java.util=ALL-UNNAMED --add-opens=java.base/java.lang=ALL-UNNAMED --add-opens=java.base/sun.nio.fs=ALL-UNNAMED -Declipse.application=org.eclipse.jdt.ls.core.id1 -Dosgi.bundles.defaultStartLevel=4 -Declipse.product=org.eclipse.jdt.ls.core.product -Djava.import.generatesMetadataFilesAtProjectRoot=false -Dfile.encoding=utf8 -XX:+UseParallelGC -XX:GCTimeRatio=4 -XX:AdaptiveSizePolicyWeight=90 -Dsun.zip.disableMemoryMapping=true -Xmx1G -Xms100m -Xlog:disable -javaagent:c:\Users\sande\.vscode\extensions\redhat.java-1.13.0-win32-x64\lombok\lombok-1.18.24.jar -XX:+HeapDumpOnOutOfMemoryError -XX:HeapDumpPath=c:\Users\sande\AppData\Roaming\Code\User\workspaceStorage\b94a3c3e98d6f37d735942270eb2af11\redhat.java 
java_command: c:\Users\sande\.vscode\extensions\redhat.java-1.13.0-win32-x64\server\plugins\org.eclipse.equinox.launcher_1.6.400.v20210924-0641.jar -configuration c:\Users\sande\AppData\Roaming\Code\User\globalStorage\redhat.java\1.13.0\config_win -data c:\Users\sande\AppData\Roaming\Code\User\workspaceStorage\b94a3c3e98d6f37d735942270eb2af11\redhat.java\jdt_ws
java_class_path (initial): c:\Users\sande\.vscode\extensions\redhat.java-1.13.0-win32-x64\server\plugins\org.eclipse.equinox.launcher_1.6.400.v20210924-0641.jar
Launcher Type: SUN_STANDARD

[Global flags]
    uintx AdaptiveSizePolicyWeight                 = 90                                        {product} {command line}
     intx CICompilerCount                          = 3                                         {product} {ergonomic}
    uintx GCTimeRatio                              = 4                                         {product} {command line}
     bool HeapDumpOnOutOfMemoryError               = true                                   {manageable} {command line}
    ccstr HeapDumpPath                             = c:\Users\sande\AppData\Roaming\Code\User\workspaceStorage\b94a3c3e98d6f37d735942270eb2af11\redhat.java         {manageable} {command line}
   size_t InitialHeapSize                          = 104857600                                 {product} {command line}
   size_t MaxHeapSize                              = 1073741824                                {product} {command line}
   size_t MaxNewSize                               = 357564416                                 {product} {ergonomic}
   size_t MinHeapDeltaBytes                        = 524288                                    {product} {ergonomic}
   size_t MinHeapSize                              = 104857600                                 {product} {command line}
   size_t NewSize                                  = 34603008                                  {product} {ergonomic}
    uintx NonNMethodCodeHeapSize                   = 5832780                                {pd product} {ergonomic}
    uintx NonProfiledCodeHeapSize                  = 122912730                              {pd product} {ergonomic}
   size_t OldSize                                  = 70254592                                  {product} {ergonomic}
    uintx ProfiledCodeHeapSize                     = 122912730                              {pd product} {ergonomic}
    uintx ReservedCodeCacheSize                    = 251658240                              {pd product} {ergonomic}
     bool SegmentedCodeCache                       = true                                      {product} {ergonomic}
   size_t SoftMaxHeapSize                          = 1073741824                             {manageable} {ergonomic}
     bool UseCompressedClassPointers               = true                           {product lp64_product} {ergonomic}
     bool UseCompressedOops                        = true                           {product lp64_product} {ergonomic}
     bool UseLargePagesIndividualAllocation        = false                                  {pd product} {ergonomic}
     bool UseParallelGC                            = true                                      {product} {command line}

Logging:
Log output configuration:
 #0: stdout all=off uptime,level,tags
 #1: stderr all=off uptime,level,tags

Environment Variables:
JAVA_HOME=C:\Program Files\Java\jdk-17.0.5
PATH=C:\Program Files\Common Files\Oracle\Java\javapath;D:\oracle\product\10.2.0\db_1\bin;C:\Program Files (x86)\Oracle\bin;C:\Python310\Scripts\;C:\Python310\;C:\Program Files (x86)\Common Files\Oracle\Java\javapath;C:\Windows\system32;C:\Windows;C:\Windows\System32\Wbem;C:\Windows\System32\WindowsPowerShell\v1.0\;C:\Windows\System32\OpenSSH\;C:\Program Files\NVIDIA Corporation\NVIDIA NvDLISR;C:\Program Files (x86)\NVIDIA Corporation\PhysX\Common;C:\Program Files\PostgreSQL\14\bin;C:\Program Files\Crucial\Crucial Storage Executive;C:\Program Files\nodejs\;C:\ProgramData\chocolatey\bin;C:\Program Files\Git\cmd;C:\apache-tomcat-8.5.84\bin;C:\Program Files\PuTTY\;C:\Users\sande\AppData\Local\Microsoft\WindowsApps;C:\Users\sande\AppData\Local\Programs\Microsoft VS Code\bin;C:\Program Files\heroku\bin;C:\Users\sande\AppData\Local\Packages\PythonSoftwareFoundation.Python.3.9_qbz5n2kfra8p0\LocalCache\local-packages\Python39\Scripts;C:\Users\sande\AppData\Roaming\npm;C:\Users\sande\AppData\Local\Programs\Python\Python310;C:\Users\sande\AppData\Local\Programs\Python\Python310\Scripts;
USERNAME=Sandeep
OS=Windows_NT
PROCESSOR_IDENTIFIER=Intel64 Family 6 Model 142 Stepping 9, GenuineIntel
TMP=C:\Users\sande\AppData\Local\Temp
TEMP=C:\Users\sande\AppData\Local\Temp



---------------  S Y S T E M  ---------------

OS:
 Windows 10 , 64 bit Build 19041 (10.0.19041.2364)
OS uptime: 0 days 5:34 hours

CPU: total 4 (initial active 4) (2 cores per cpu, 2 threads per core) family 6 model 142 stepping 9 microcode 0xb4, cx8, cmov, fxsr, ht, mmx, 3dnowpref, sse, sse2, sse3, ssse3, sse4.1, sse4.2, popcnt, lzcnt, tsc, tscinvbit, avx, avx2, aes, erms, clmul, bmi1, bmi2, adx, fma, vzeroupper, clflush, clflushopt

Memory: 4k page, system-wide physical 16269M (7788M free)
TotalPageFile size 18701M (AvailPageFile size 7717M)
current process WorkingSet (physical memory assigned to process): 825M, peak: 850M
current process commit charge ("private bytes"): 683M, peak: 710M

vm_info: OpenJDK 64-Bit Server VM (17.0.5+8) for windows-amd64 JRE (17.0.5+8), built on Oct 19 2022 04:48:13 by "temurin" with MS VC++ 16.7 (VS2019)

END.
