#
# A fatal error has been detected by the Java Runtime Environment:
#
#  EXCEPTION_ACCESS_VIOLATION (0xc0000005) at pc=0x00007ffc31127640, pid=4244, tid=3540
#
# JRE version: OpenJDK Runtime Environment Temurin-17.0.5+8 (17.0.5+8) (build 17.0.5+8)
# Java VM: OpenJDK 64-Bit Server VM Temurin-17.0.5+8 (17.0.5+8, mixed mode, tiered, compressed oops, compressed class ptrs, parallel gc, windows-amd64)
# Problematic frame:
# V  [jvm.dll+0x6a7640]
#
# No core dump will be written. Minidumps are not enabled by default on client versions of Windows
#
# If you would like to submit a bug report, please visit:
#   https://github.com/adoptium/adoptium-support/issues
#

---------------  S U M M A R Y ------------

Command Line: --add-modules=ALL-SYSTEM --add-opens=java.base/java.util=ALL-UNNAMED --add-opens=java.base/java.lang=ALL-UNNAMED --add-opens=java.base/sun.nio.fs=ALL-UNNAMED -Declipse.application=org.eclipse.jdt.ls.core.id1 -Dosgi.bundles.defaultStartLevel=4 -Declipse.product=org.eclipse.jdt.ls.core.product -Djava.import.generatesMetadataFilesAtProjectRoot=false -Dfile.encoding=utf8 -XX:+UseParallelGC -XX:GCTimeRatio=4 -XX:AdaptiveSizePolicyWeight=90 -Dsun.zip.disableMemoryMapping=true -Xmx2G -Xms100m -Xlog:disable -javaagent:c:\Users\sande\.vscode\extensions\redhat.java-1.13.0-win32-x64\lombok\lombok-1.18.24.jar -XX:+HeapDumpOnOutOfMemoryError -XX:HeapDumpPath=c:\Users\sande\AppData\Roaming\Code\User\workspaceStorage\da9669ae4e1cfc7a706b39c74acdcc1c\redhat.java c:\Users\sande\.vscode\extensions\redhat.java-1.13.0-win32-x64\server\plugins\org.eclipse.equinox.launcher_1.6.400.v20210924-0641.jar -configuration c:\Users\sande\AppData\Roaming\Code\User\globalStorage\redhat.java\1.13.0\config_win -data c:\Users\sande\AppData\Roaming\Code\User\workspaceStorage\da9669ae4e1cfc7a706b39c74acdcc1c\redhat.java\jdt_ws

Host: Intel(R) Core(TM) i5-7200U CPU @ 2.50GHz, 4 cores, 15G,  Windows 10 , 64 bit Build 19041 (10.0.19041.2364)
Time: Wed Jan 11 11:33:53 2023 India Standard Time elapsed time: 1022.759122 seconds (0d 0h 17m 2s)

---------------  T H R E A D  ---------------

Current thread (0x00000214ad478030):  GCTaskThread "GC Thread#3" [stack: 0x0000003b44d00000,0x0000003b44e00000] [id=3540]

Stack: [0x0000003b44d00000,0x0000003b44e00000],  sp=0x0000003b44dff4b0,  free space=1021k
Native frames: (J=compiled Java code, j=interpreted, Vv=VM code, C=native code)
V  [jvm.dll+0x6a7640]
V  [jvm.dll+0x6a82ee]
V  [jvm.dll+0x6b1cc9]
V  [jvm.dll+0x6b2bea]
V  [jvm.dll+0x85e31b]
V  [jvm.dll+0x85e366]
V  [jvm.dll+0x7e17ea]
V  [jvm.dll+0x6759e5]
C  [ucrtbase.dll+0x21bb2]
C  [KERNEL32.DLL+0x17614]
C  [ntdll.dll+0x526a1]


siginfo: EXCEPTION_ACCESS_VIOLATION (0xc0000005), reading address 0xffffffffffffffff


Register to memory mapping:

RIP=0x00007ffc31127640 jvm.dll
RAX=0x1ffffffff0000004 is an unknown value
RBX=0x0000000000000020 is an unknown value
RCX=0x0000000000000004 is an unknown value
RDX=0x00000000821e142c is pointing into object: java.lang.Class 
{0x00000000821e13f0} - klass: 'java/lang/Class'
 - ---- fields (total size 14 words):
 - private volatile transient 'classRedefinedCount' 'I' @12  0
 - private volatile transient 'cachedConstructor' 'Ljava/lang/reflect/Constructor;' @40  NULL (0)
 - private transient 'name' 'Ljava/lang/String;' @44  NULL (0)
 - private transient 'module' 'Ljava/lang/Module;' @48  a 'java/lang/Module'{0x00000000808b0470} (808b0470)
 - private final 'classLoader' 'Ljava/lang/ClassLoader;' @52  a 'org/eclipse/osgi/internal/loader/EquinoxClassLoader'{0x00000000808b0400} (808b0400)
 - private transient 'classData' 'Ljava/lang/Object;' @56  NULL (0)
 - private transient 'packageName' 'Ljava/lang/String;' @60  
[error occurred during error reporting (printing register info), id 0xc0000005, EXCEPTION_ACCESS_VIOLATION (0xc0000005) at pc=0x00007ffc30e0fb9e]

Registers:
RAX=0x1ffffffff0000004, RBX=0x0000000000000020, RCX=0x0000000000000004, RDX=0x00000000821e142c
RSP=0x0000003b44dff4b0, RBP=0x00000000821e145c, RSI=0x0000000100042ab8, RDI=0x00000214ab131dd0
R8 =0x00000214a6c20000, R9 =0x007fffffffc00000, R10=0x000000000000005e, R11=0x0000000000000003
R12=0x0000003b43dff2f8, R13=0x0000000000000010, R14=0x00000000821e13f0, R15=0x0000000100042ac0
RIP=0x00007ffc31127640, EFLAGS=0x0000000000010206

Top of Stack: (sp=0x0000003b44dff4b0)
0x0000003b44dff4b0:   00007ffc31397850 0000021492ed9780
0x0000003b44dff4c0:   0000000000000003 00000214ab131dd0
0x0000003b44dff4d0:   0000003b44dff550 00007ffc311282ee
0x0000003b44dff4e0:   00000000821e142c 000000008487d4b0
0x0000003b44dff4f0:   0000000000000001 000000008487d4b0
0x0000003b44dff500:   000000008487d4b0 00007ffc31590730
0x0000003b44dff510:   000000000000000c 00007ffc31131cc9
0x0000003b44dff520:   00000214ab131dd0 0000000000000001
0x0000003b44dff530:   00007ffc3142c358 0000abb900003634
0x0000003b44dff540:   00000000848794a0 00007ffc00000800
0x0000003b44dff550:   00007ffc3142c358 0000021492ed9780
0x0000003b44dff560:   0000000000000003 00000214ab131dd0
0x0000003b44dff570:   0000000000000020 00000214ab1d3180
0x0000003b44dff580:   0000003b43dff2b8 0000003b43dff1b0
0x0000003b44dff590:   0000000000000000 00007ffc31132bea
0x0000003b44dff5a0:   0000000000000005 0000003b44dff620 

Instructions: (pc=0x00007ffc31127640)
0x00007ffc31127540:   91 46 00 49 3b c2 74 03 48 ff e0 c3 cc cc cc cc
0x00007ffc31127550:   80 3d a7 fe 4b 00 00 4c 8d 15 02 29 96 ff 49 8b
0x00007ffc31127560:   c2 4c 8d 0d f8 28 96 ff 49 0f 45 c1 48 89 05 dd
0x00007ffc31127570:   91 46 00 49 3b c2 74 03 48 ff e0 c3 cc cc cc cc
0x00007ffc31127580:   48 89 5c 24 08 57 48 83 ec 20 48 8b 1a 48 8b f9
0x00007ffc31127590:   48 85 db 74 4b 4c 8b 05 64 96 4d 00 48 8b c3 8b
0x00007ffc311275a0:   0d 83 4c 45 00 49 2b 00 4d 8b 40 10 48 c1 e8 03
0x00007ffc311275b0:   48 d3 e8 4c 8b c8 24 3f 49 c1 e9 06 0f b6 c8 4b
0x00007ffc311275c0:   8b 04 c8 48 0f a3 c8 72 17 48 8b cb e8 8f 27 00
0x00007ffc311275d0:   00 84 c0 74 0b 48 8b d3 48 8b cf e8 70 28 00 00
0x00007ffc311275e0:   48 8b 5c 24 30 48 83 c4 20 5f c3 cc cc cc cc cc
0x00007ffc311275f0:   40 57 48 83 ec 20 8b 02 48 8b f9 85 c0 74 67 8b
0x00007ffc31127600:   0d d3 3c 45 00 4c 8b 05 f4 95 4d 00 48 89 5c 24
0x00007ffc31127610:   30 8b d8 48 d3 e3 48 03 1d b3 3c 45 00 8b 0d 05
0x00007ffc31127620:   4c 45 00 48 8b c3 49 2b 00 4d 8b 40 10 48 c1 e8
0x00007ffc31127630:   03 48 d3 e8 4c 8b c8 24 3f 49 c1 e9 06 0f b6 c8
0x00007ffc31127640:   4b 8b 04 c8 48 0f a3 c8 72 17 48 8b cb e8 0e 27
0x00007ffc31127650:   00 00 84 c0 74 0b 48 8b d3 48 8b cf e8 ef 27 00
0x00007ffc31127660:   00 48 8b 5c 24 30 48 83 c4 20 5f c3 cc cc cc cc
0x00007ffc31127670:   48 89 5c 24 20 56 57 41 55 41 56 41 57 48 83 ec
0x00007ffc31127680:   20 4c 63 91 a0 00 00 00 4d 8b f0 4c 63 89 24 01
0x00007ffc31127690:   00 00 49 83 c2 39 8b 81 20 01 00 00 4d 03 d1 48
0x00007ffc311276a0:   89 6c 24 58 49 03 c2 4c 89 64 24 60 4c 8b fa 4c
0x00007ffc311276b0:   8b e9 4a 8d 2c d5 00 00 00 00 4c 8d 24 c5 00 00
0x00007ffc311276c0:   00 00 48 03 e9 4c 03 e1 49 3b ec 73 4b 0f 1f 00
0x00007ffc311276d0:   48 63 5d 00 8b 45 04 49 03 df 48 8d 34 c3 48 3b
0x00007ffc311276e0:   de 73 2c 48 8b 3b 48 85 ff 74 1b 4d 8b 46 10 48
0x00007ffc311276f0:   8d 0d 1a 97 4d 00 48 8b d7 e8 82 4f 00 00 48 3b
0x00007ffc31127700:   c7 74 03 48 89 03 48 83 c3 08 48 3b de 72 d4 48
0x00007ffc31127710:   83 c5 08 49 3b ec 72 b8 49 8b 06 49 8b ce ff 50
0x00007ffc31127720:   10 4c 8b 64 24 60 48 8b 6c 24 58 85 c0 0f 84 dc
0x00007ffc31127730:   00 00 00 83 e8 01 0f 84 9b 00 00 00 83 e8 01 74 


Stack slot to memory mapping:
stack at sp + 0 slots: 0x00007ffc31397850 jvm.dll
stack at sp + 1 slots: 0x0000021492ed9780 points into unknown readable memory: 0x00007ffc3142cb78 | 78 cb 42 31 fc 7f 00 00
stack at sp + 2 slots: 0x0000000000000003 is an unknown value
stack at sp + 3 slots: 0x00000214ab131dd0 points into unknown readable memory: 0x0000021492d80150 | 50 01 d8 92 14 02 00 00
stack at sp + 4 slots: 0x0000003b44dff550 points into unknown readable memory: 0x00007ffc3142c358 | 58 c3 42 31 fc 7f 00 00
stack at sp + 5 slots: 0x00007ffc311282ee jvm.dll
stack at sp + 6 slots: 0x00000000821e142c is pointing into object: java.lang.Class 
{0x00000000821e13f0} - klass: 'java/lang/Class'
 - ---- fields (total size 14 words):
 - private volatile transient 'classRedefinedCount' 'I' @12  0
 - private volatile transient 'cachedConstructor' 'Ljava/lang/reflect/Constructor;' @40  NULL (0)
 - private transient 'name' 'Ljava/lang/String;' @44  NULL (0)
 - private transient 'module' 'Ljava/lang/Module;' @48  a 'java/lang/Module'{0x00000000808b0470} (808b0470)
 - private final 'classLoader' 'Ljava/lang/ClassLoader;' @52  a 'org/eclipse/osgi/internal/loader/EquinoxClassLoader'{0x00000000808b0400} (808b0400)
 - private transient 'classData' 'Ljava/lang/Object;' @56  NULL (0)
 - private transient 'packageName' 'Ljava/lang/String;' @60  
[error occurred during error reporting (inspecting top of stack), id 0xc0000005, EXCEPTION_ACCESS_VIOLATION (0xc0000005) at pc=0x00007ffc30e0fb9e]


---------------  P R O C E S S  ---------------

Threads class SMR info:
_java_thread_list=0x00000214b07fd950, length=39, elements={
0x0000021492ece500, 0x00000214ab1ce740, 0x00000214ab1d0df0, 0x00000214ab1f7160,
0x00000214ab1f7ee0, 0x00000214ab1fab70, 0x00000214ab1fb6f0, 0x00000214ab1fd2f0,
0x00000214acc41bc0, 0x00000214acc43880, 0x00000214accd9570, 0x00000214ace51e20,
0x00000214ad483af0, 0x00000214ae72a9f0, 0x00000214ae3c66d0, 0x00000214ae4014b0,
0x00000214ad7eab00, 0x00000214ae8b6230, 0x00000214ae8b4ef0, 0x00000214ae8b53c0,
0x00000214ae8b70a0, 0x00000214b26bc550, 0x00000214b26bdd60, 0x00000214b26bff10,
0x00000214b26bad40, 0x00000214b26c1720, 0x00000214b26bb210, 0x00000214b26bd890,
0x00000214b26be230, 0x00000214ae8b6700, 0x00000214ae8b7a40, 0x00000214ae8b4080,
0x00000214ae8b4a20, 0x00000214b26bf570, 0x00000214b26db6f0, 0x00000214b26e08c0,
0x00000214b26dbbc0, 0x00000214b26dc560, 0x00000214b26dc090
}

Java Threads: ( => current thread )
  0x0000021492ece500 JavaThread "main" [_thread_blocked, id=7792, stack(0x0000003b43b00000,0x0000003b43c00000)]
  0x00000214ab1ce740 JavaThread "Reference Handler" daemon [_thread_blocked, id=12108, stack(0x0000003b43e00000,0x0000003b43f00000)]
  0x00000214ab1d0df0 JavaThread "Finalizer" daemon [_thread_blocked, id=10200, stack(0x0000003b43f00000,0x0000003b44000000)]
  0x00000214ab1f7160 JavaThread "Signal Dispatcher" daemon [_thread_blocked, id=6300, stack(0x0000003b44000000,0x0000003b44100000)]
  0x00000214ab1f7ee0 JavaThread "Attach Listener" daemon [_thread_blocked, id=6576, stack(0x0000003b44100000,0x0000003b44200000)]
  0x00000214ab1fab70 JavaThread "Service Thread" daemon [_thread_blocked, id=1028, stack(0x0000003b44200000,0x0000003b44300000)]
  0x00000214ab1fb6f0 JavaThread "Monitor Deflation Thread" daemon [_thread_blocked, id=3460, stack(0x0000003b44300000,0x0000003b44400000)]
  0x00000214ab1fd2f0 JavaThread "C2 CompilerThread0" daemon [_thread_blocked, id=6960, stack(0x0000003b44400000,0x0000003b44500000)]
  0x00000214acc41bc0 JavaThread "C1 CompilerThread0" daemon [_thread_blocked, id=2576, stack(0x0000003b44500000,0x0000003b44600000)]
  0x00000214acc43880 JavaThread "Sweeper thread" daemon [_thread_blocked, id=4964, stack(0x0000003b44600000,0x0000003b44700000)]
  0x00000214accd9570 JavaThread "Common-Cleaner" daemon [_thread_blocked, id=3556, stack(0x0000003b44700000,0x0000003b44800000)]
  0x00000214ace51e20 JavaThread "Notification Thread" daemon [_thread_blocked, id=7860, stack(0x0000003b44800000,0x0000003b44900000)]
  0x00000214ad483af0 JavaThread "Active Thread: Equinox Container: 2d5f06a0-24a8-4ea2-b44b-49ad0c84965b" [_thread_blocked, id=8084, stack(0x0000003b44e00000,0x0000003b44f00000)]
  0x00000214ae72a9f0 JavaThread "Framework Event Dispatcher: Equinox Container: 2d5f06a0-24a8-4ea2-b44b-49ad0c84965b" daemon [_thread_blocked, id=9296, stack(0x0000003b44f00000,0x0000003b45000000)]
  0x00000214ae3c66d0 JavaThread "Start Level: Equinox Container: 2d5f06a0-24a8-4ea2-b44b-49ad0c84965b" daemon [_thread_blocked, id=8608, stack(0x0000003b45000000,0x0000003b45100000)]
  0x00000214ae4014b0 JavaThread "SCR Component Actor" daemon [_thread_blocked, id=9076, stack(0x0000003b45100000,0x0000003b45200000)]
  0x00000214ad7eab00 JavaThread "Worker-JM" [_thread_blocked, id=11156, stack(0x0000003b45300000,0x0000003b45400000)]
  0x00000214ae8b6230 JavaThread "Java indexing" daemon [_thread_blocked, id=3236, stack(0x0000003b45600000,0x0000003b45700000)]
  0x00000214ae8b4ef0 JavaThread "JNA Cleaner" daemon [_thread_blocked, id=11064, stack(0x0000003b45900000,0x0000003b45a00000)]
  0x00000214ae8b53c0 JavaThread "pool-2-thread-1" [_thread_blocked, id=7760, stack(0x0000003b45c00000,0x0000003b45d00000)]
  0x00000214ae8b70a0 JavaThread "pool-1-thread-1" [_thread_blocked, id=5100, stack(0x0000003b45d00000,0x0000003b45e00000)]
  0x00000214b26bc550 JavaThread "Bundle File Closer" daemon [_thread_blocked, id=8112, stack(0x0000003b46000000,0x0000003b46100000)]
  0x00000214b26bdd60 JavaThread "Java Debug Server" daemon [_thread_in_native, id=10464, stack(0x0000003b43a00000,0x0000003b43b00000)]
  0x00000214b26bff10 JavaThread "RxSchedulerPurge-1" daemon [_thread_blocked, id=2372, stack(0x0000003b46100000,0x0000003b46200000)]
  0x00000214b26bad40 JavaThread "RxCachedWorkerPoolEvictor-1" daemon [_thread_blocked, id=8472, stack(0x0000003b46200000,0x0000003b46300000)]
  0x00000214b26c1720 JavaThread "Worker-5" [_thread_blocked, id=5324, stack(0x0000003b45f00000,0x0000003b46000000)]
  0x00000214b26bb210 JavaThread "ForkJoinPool.commonPool-worker-8" daemon [_thread_blocked, id=9036, stack(0x0000003b45200000,0x0000003b45300000)]
  0x00000214b26bd890 JavaThread "ForkJoinPool.commonPool-worker-10" daemon [_thread_blocked, id=3080, stack(0x0000003b45500000,0x0000003b45600000)]
  0x00000214b26be230 JavaThread "process reaper" daemon [_thread_blocked, id=10532, stack(0x0000003b43790000,0x0000003b437b0000)]
  0x00000214ae8b6700 JavaThread "ForkJoinPool.commonPool-worker-11" daemon [_thread_blocked, id=1508, stack(0x0000003b44a00000,0x0000003b44b00000)]
  0x00000214ae8b7a40 JavaThread "ForkJoinPool.commonPool-worker-12" daemon [_thread_blocked, id=6580, stack(0x0000003b45400000,0x0000003b45500000)]
  0x00000214ae8b4080 JavaThread "Worker-6" [_thread_blocked, id=9720, stack(0x0000003b45a00000,0x0000003b45b00000)]
  0x00000214ae8b4a20 JavaThread "ForkJoinPool.commonPool-worker-13" daemon [_thread_blocked, id=3468, stack(0x0000003b46400000,0x0000003b46500000)]
  0x00000214b26bf570 JavaThread "Worker-7" [_thread_blocked, id=8664, stack(0x0000003b45b00000,0x0000003b45c00000)]
  0x00000214b26db6f0 JavaThread "pool-3-thread-3" [_thread_blocked, id=824, stack(0x0000003b45800000,0x0000003b45900000)]
  0x00000214b26e08c0 JavaThread "pool-5-thread-1" [_thread_blocked, id=8804, stack(0x0000003b45700000,0x0000003b45800000)]
  0x00000214b26dbbc0 JavaThread "pool-6-thread-1" [_thread_blocked, id=9724, stack(0x0000003b46300000,0x0000003b46400000)]
  0x00000214b26dc560 JavaThread "Framework stop - Equinox Container: 2d5f06a0-24a8-4ea2-b44b-49ad0c84965b" [_thread_blocked, id=10144, stack(0x0000003b46600000,0x0000003b46700000)]
  0x00000214b26dc090 JavaThread "SCR Component Registry" daemon [_thread_blocked, id=2996, stack(0x0000003b46700000,0x0000003b46800000)]

Other Threads:
  0x0000021492f7ec20 VMThread "VM Thread" [stack: 0x0000003b43d00000,0x0000003b43e00000] [id=11136]
  0x00000214ace522f0 WatcherThread [stack: 0x0000003b44900000,0x0000003b44a00000] [id=5284]
  0x0000021492ee6420 GCTaskThread "GC Thread#0" [stack: 0x0000003b43c00000,0x0000003b43d00000] [id=10588]
  0x00000214ae140860 GCTaskThread "GC Thread#1" [stack: 0x0000003b44b00000,0x0000003b44c00000] [id=2560]
  0x00000214ad477d80 GCTaskThread "GC Thread#2" [stack: 0x0000003b44c00000,0x0000003b44d00000] [id=1280]
=>0x00000214ad478030 GCTaskThread "GC Thread#3" [stack: 0x0000003b44d00000,0x0000003b44e00000] [id=3540]

Threads with active compile tasks:

VM state: at safepoint (normal execution)

VM Mutex/Monitor currently owned by a thread:  ([mutex/lock_event])
[0x0000021492ebc2c0] Threads_lock - owner thread: 0x0000021492f7ec20
[0x0000021492ec9e20] Heap_lock - owner thread: 0x00000214ae8b6230

Heap address: 0x0000000080000000, size: 2048 MB, Compressed Oops mode: 32-bit

CDS archive(s) not mapped
Compressed class space mapped at: 0x0000000100000000-0x0000000140000000, reserved size: 1073741824
Narrow klass base: 0x0000000000000000, Narrow klass shift: 3, Narrow klass range: 0x140000000

GC Precious Log:
 CPUs: 4 total, 4 available
 Memory: 16269M
 Large Page Support: Disabled
 NUMA Support: Disabled
 Compressed Oops: Enabled (32-bit)
 Alignments: Space 512K, Generation 512K, Heap 2M
 Heap Min Capacity: 100M
 Heap Initial Capacity: 100M
 Heap Max Capacity: 2G
 Pre-touch: Disabled
 Parallel Workers: 4

Heap:
 PSYoungGen      total 5632K, used 2545K [0x00000000d5580000, 0x00000000d6380000, 0x0000000100000000)
  eden space 3072K, 0% used [0x00000000d5580000,0x00000000d5580000,0x00000000d5880000)
  from space 2560K, 99% used [0x00000000d5880000,0x00000000d5afc410,0x00000000d5b00000)
  to   space 5120K, 0% used [0x00000000d5e80000,0x00000000d5e80000,0x00000000d6380000)
 ParOldGen       total 167936K, used 166128K [0x0000000080000000, 0x000000008a400000, 0x00000000d5580000)
  object space 167936K, 98% used [0x0000000080000000,0x000000008a23c258,0x000000008a400000)
 Metaspace       used 76776K, committed 77888K, reserved 1122304K
  class space    used 7828K, committed 8320K, reserved 1048576K

Card table byte_map: [0x00000214a6560000,0x00000214a6970000] _byte_map_base: 0x00000214a6160000

Marking Bits: (ParMarkBitMap*) 0x00007ffc31600dd0
 Begin Bits: [0x00000214a6c20000, 0x00000214a8c20000)
 End Bits:   [0x00000214a8c20000, 0x00000214aac20000)

Polling page: 0x0000021492d70000

Metaspace:

Usage:
  Non-class:     67.33 MB used.
      Class:      7.64 MB used.
       Both:     74.98 MB used.

Virtual space:
  Non-class space:       72.00 MB reserved,      67.94 MB ( 94%) committed,  9 nodes.
      Class space:        1.00 GB reserved,       8.12 MB ( <1%) committed,  1 nodes.
             Both:        1.07 GB reserved,      76.06 MB (  7%) committed. 

Chunk freelists:
   Non-Class:  3.28 MB
       Class:  3.82 MB
        Both:  7.10 MB

MaxMetaspaceSize: unlimited
CompressedClassSpaceSize: 1.00 GB
Initial GC threshold: 21.00 MB
Current GC threshold: 126.06 MB
CDS: off
MetaspaceReclaimPolicy: balanced
 - commit_granule_bytes: 65536.
 - commit_granule_words: 8192.
 - virtual_space_node_default_size: 1048576.
 - enlarge_chunks_in_place: 1.
 - new_chunks_are_fully_committed: 0.
 - uncommit_free_chunks: 1.
 - use_allocation_guard: 0.
 - handle_deallocations: 1.


Internal statistics:

num_allocs_failed_limit: 9.
num_arena_births: 606.
num_arena_deaths: 14.
num_vsnodes_births: 10.
num_vsnodes_deaths: 0.
num_space_committed: 1217.
num_space_uncommitted: 0.
num_chunks_returned_to_freelist: 23.
num_chunks_taken_from_freelist: 3661.
num_chunk_merges: 13.
num_chunk_splits: 2352.
num_chunks_enlarged: 1463.
num_purges: 2.
num_inconsistent_stats: 0.

CodeHeap 'non-profiled nmethods': size=120000Kb used=12129Kb max_used=12129Kb free=107870Kb
 bounds [0x000002149ef40000, 0x000002149fb20000, 0x00000214a6470000]
CodeHeap 'profiled nmethods': size=120000Kb used=26843Kb max_used=26843Kb free=93156Kb
 bounds [0x0000021497a10000, 0x0000021499450000, 0x000002149ef40000]
CodeHeap 'non-nmethods': size=5760Kb used=1395Kb max_used=1526Kb free=4364Kb
 bounds [0x0000021497470000, 0x00000214976e0000, 0x0000021497a10000]
 total_blobs=13028 nmethods=12282 adapters=656
 compilation: enabled
              stopped_count=0, restarted_count=0
 full_count=0

Compilation events (20 events):
Event: 1022.614 Thread 0x00000214ab1fd2f0 15649       4       org.eclipse.osgi.framework.eventmgr.CopyOnWriteIdentityMap$Snapshot$SnapshotIterator::hasNext (15 bytes)
Event: 1022.615 Thread 0x00000214acc41bc0 15651       2       org.eclipse.osgi.framework.eventmgr.CopyOnWriteIdentityMap$Snapshot$EntryIterator::next (5 bytes)
Event: 1022.615 Thread 0x00000214ab1fd2f0 nmethod 15649 0x000002149fb17f90 code [0x000002149fb18100, 0x000002149fb18198]
Event: 1022.615 Thread 0x00000214ab1fd2f0 15650       4       org.eclipse.osgi.framework.eventmgr.CopyOnWriteIdentityMap$Snapshot$SnapshotIterator::nextEntry (58 bytes)
Event: 1022.615 Thread 0x00000214acc41bc0 nmethod 15651 0x0000021499441410 code [0x00000214994415a0, 0x00000214994416c8]
Event: 1022.615 Thread 0x00000214acc41bc0 15652       2       org.eclipse.osgi.framework.eventmgr.CopyOnWriteIdentityMap$Snapshot$EntryIterator::next (5 bytes)
Event: 1022.615 Thread 0x00000214acc41bc0 nmethod 15652 0x0000021499441790 code [0x0000021499441920, 0x0000021499441a48]
Event: 1022.616 Thread 0x00000214ab1fd2f0 nmethod 15650 0x000002149fb18290 code [0x000002149fb18420, 0x000002149fb18538]
Event: 1022.616 Thread 0x00000214acc41bc0 15653       3       java.util.HashMap::removeNode (291 bytes)
Event: 1022.617 Thread 0x00000214acc41bc0 nmethod 15653 0x0000021499441b10 code [0x0000021499441da0, 0x0000021499442fb8]
Event: 1022.620 Thread 0x00000214acc41bc0 15654       3       jdk.xml.internal.XMLSecurityManager$NameMap::getOldName (18 bytes)
Event: 1022.620 Thread 0x00000214acc41bc0 nmethod 15654 0x0000021499443410 code [0x00000214994435c0, 0x0000021499443788]
Event: 1022.621 Thread 0x00000214acc41bc0 15655  s    3       java.util.Properties::setProperty (7 bytes)
Event: 1022.621 Thread 0x00000214acc41bc0 nmethod 15655 0x0000021499443890 code [0x0000021499443a40, 0x0000021499443ca8]
Event: 1022.621 Thread 0x00000214acc41bc0 15656   !   3       org.eclipse.osgi.internal.framework.EquinoxEventPublisher::publishBundleEventPrivileged (651 bytes)
Event: 1022.627 Thread 0x00000214acc41bc0 nmethod 15656 0x0000021499443d90 code [0x00000214994445c0, 0x000002149944a338]
Event: 1022.627 Thread 0x00000214acc41bc0 15657       3       org.osgi.util.tracker.AbstractTracked::modified (11 bytes)
Event: 1022.627 Thread 0x00000214acc41bc0 nmethod 15657 0x000002149944c610 code [0x000002149944c7a0, 0x000002149944c8b8]
Event: 1022.627 Thread 0x00000214acc41bc0 15658       3       org.apache.felix.scr.impl.Activator::debug (77 bytes)
Event: 1022.628 Thread 0x00000214acc41bc0 nmethod 15658 0x000002149944c990 code [0x000002149944cc20, 0x000002149944d708]

GC Heap History (20 events):
Event: 1020.697 GC heap after
{Heap after GC invocations=825 (full 11):
 PSYoungGen      total 2560K, used 96K [0x00000000d5580000, 0x00000000d5980000, 0x0000000100000000)
  eden space 2048K, 0% used [0x00000000d5580000,0x00000000d5580000,0x00000000d5780000)
  from space 512K, 18% used [0x00000000d5900000,0x00000000d5918000,0x00000000d5980000)
  to   space 512K, 0% used [0x00000000d5880000,0x00000000d5880000,0x00000000d5900000)
 ParOldGen       total 167936K, used 153516K [0x0000000080000000, 0x000000008a400000, 0x00000000d5580000)
  object space 167936K, 91% used [0x0000000080000000,0x00000000895eb378,0x000000008a400000)
 Metaspace       used 76493K, committed 77568K, reserved 1122304K
  class space    used 7782K, committed 8256K, reserved 1048576K
}
Event: 1022.583 GC heap before
{Heap before GC invocations=826 (full 11):
 PSYoungGen      total 2560K, used 2144K [0x00000000d5580000, 0x00000000d5980000, 0x0000000100000000)
  eden space 2048K, 100% used [0x00000000d5580000,0x00000000d5780000,0x00000000d5780000)
  from space 512K, 18% used [0x00000000d5900000,0x00000000d5918000,0x00000000d5980000)
  to   space 512K, 0% used [0x00000000d5880000,0x00000000d5880000,0x00000000d5900000)
 ParOldGen       total 167936K, used 153516K [0x0000000080000000, 0x000000008a400000, 0x00000000d5580000)
  object space 167936K, 91% used [0x0000000080000000,0x00000000895eb378,0x000000008a400000)
 Metaspace       used 76605K, committed 77696K, reserved 1122304K
  class space    used 7804K, committed 8320K, reserved 1048576K
}
Event: 1022.585 GC heap after
{Heap after GC invocations=826 (full 11):
 PSYoungGen      total 2560K, used 96K [0x00000000d5580000, 0x00000000d5980000, 0x0000000100000000)
  eden space 2048K, 0% used [0x00000000d5580000,0x00000000d5580000,0x00000000d5780000)
  from space 512K, 18% used [0x00000000d5880000,0x00000000d5898000,0x00000000d5900000)
  to   space 512K, 0% used [0x00000000d5900000,0x00000000d5900000,0x00000000d5980000)
 ParOldGen       total 167936K, used 153532K [0x0000000080000000, 0x000000008a400000, 0x00000000d5580000)
  object space 167936K, 91% used [0x0000000080000000,0x00000000895ef378,0x000000008a400000)
 Metaspace       used 76605K, committed 77696K, reserved 1122304K
  class space    used 7804K, committed 8320K, reserved 1048576K
}
Event: 1022.631 GC heap before
{Heap before GC invocations=827 (full 11):
 PSYoungGen      total 2560K, used 1738K [0x00000000d5580000, 0x00000000d5980000, 0x0000000100000000)
  eden space 2048K, 80% used [0x00000000d5580000,0x00000000d571ab80,0x00000000d5780000)
  from space 512K, 18% used [0x00000000d5880000,0x00000000d5898000,0x00000000d5900000)
  to   space 512K, 0% used [0x00000000d5900000,0x00000000d5900000,0x00000000d5980000)
 ParOldGen       total 167936K, used 153532K [0x0000000080000000, 0x000000008a400000, 0x00000000d5580000)
  object space 167936K, 91% used [0x0000000080000000,0x00000000895ef378,0x000000008a400000)
 Metaspace       used 76776K, committed 77888K, reserved 1122304K
  class space    used 7828K, committed 8320K, reserved 1048576K
}
Event: 1022.632 GC heap after
{Heap after GC invocations=827 (full 11):
 PSYoungGen      total 2560K, used 128K [0x00000000d5580000, 0x00000000d5980000, 0x0000000100000000)
  eden space 2048K, 0% used [0x00000000d5580000,0x00000000d5580000,0x00000000d5780000)
  from space 512K, 25% used [0x00000000d5900000,0x00000000d5920000,0x00000000d5980000)
  to   space 512K, 0% used [0x00000000d5880000,0x00000000d5880000,0x00000000d5900000)
 ParOldGen       total 167936K, used 153588K [0x0000000080000000, 0x000000008a400000, 0x00000000d5580000)
  object space 167936K, 91% used [0x0000000080000000,0x00000000895fd378,0x000000008a400000)
 Metaspace       used 76776K, committed 77888K, reserved 1122304K
  class space    used 7828K, committed 8320K, reserved 1048576K
}
Event: 1022.634 GC heap before
{Heap before GC invocations=828 (full 11):
 PSYoungGen      total 2560K, used 2175K [0x00000000d5580000, 0x00000000d5980000, 0x0000000100000000)
  eden space 2048K, 99% used [0x00000000d5580000,0x00000000d577ffe0,0x00000000d5780000)
  from space 512K, 25% used [0x00000000d5900000,0x00000000d5920000,0x00000000d5980000)
  to   space 512K, 0% used [0x00000000d5880000,0x00000000d5880000,0x00000000d5900000)
 ParOldGen       total 167936K, used 153588K [0x0000000080000000, 0x000000008a400000, 0x00000000d5580000)
  object space 167936K, 91% used [0x0000000080000000,0x00000000895fd378,0x000000008a400000)
 Metaspace       used 76776K, committed 77888K, reserved 1122304K
  class space    used 7828K, committed 8320K, reserved 1048576K
}
Event: 1022.636 GC heap after
{Heap after GC invocations=828 (full 11):
 PSYoungGen      total 3072K, used 493K [0x00000000d5580000, 0x00000000d5d00000, 0x0000000100000000)
  eden space 2560K, 0% used [0x00000000d5580000,0x00000000d5580000,0x00000000d5800000)
  from space 512K, 96% used [0x00000000d5880000,0x00000000d58fb770,0x00000000d5900000)
  to   space 2560K, 0% used [0x00000000d5a80000,0x00000000d5a80000,0x00000000d5d00000)
 ParOldGen       total 167936K, used 155114K [0x0000000080000000, 0x000000008a400000, 0x00000000d5580000)
  object space 167936K, 92% used [0x0000000080000000,0x000000008977aae8,0x000000008a400000)
 Metaspace       used 76776K, committed 77888K, reserved 1122304K
  class space    used 7828K, committed 8320K, reserved 1048576K
}
Event: 1022.641 GC heap before
{Heap before GC invocations=829 (full 11):
 PSYoungGen      total 3072K, used 3053K [0x00000000d5580000, 0x00000000d5d00000, 0x0000000100000000)
  eden space 2560K, 99% used [0x00000000d5580000,0x00000000d57fffd8,0x00000000d5800000)
  from space 512K, 96% used [0x00000000d5880000,0x00000000d58fb770,0x00000000d5900000)
  to   space 2560K, 0% used [0x00000000d5a80000,0x00000000d5a80000,0x00000000d5d00000)
 ParOldGen       total 167936K, used 155114K [0x0000000080000000, 0x000000008a400000, 0x00000000d5580000)
  object space 167936K, 92% used [0x0000000080000000,0x000000008977aae8,0x000000008a400000)
 Metaspace       used 76776K, committed 77888K, reserved 1122304K
  class space    used 7828K, committed 8320K, reserved 1048576K
}
Event: 1022.644 GC heap after
{Heap after GC invocations=829 (full 11):
 PSYoungGen      total 4608K, used 2560K [0x00000000d5580000, 0x00000000d5e80000, 0x0000000100000000)
  eden space 2048K, 0% used [0x00000000d5580000,0x00000000d5580000,0x00000000d5780000)
  from space 2560K, 100% used [0x00000000d5a80000,0x00000000d5d00000,0x00000000d5d00000)
  to   space 3072K, 0% used [0x00000000d5780000,0x00000000d5780000,0x00000000d5a80000)
 ParOldGen       total 167936K, used 155624K [0x0000000080000000, 0x000000008a400000, 0x00000000d5580000)
  object space 167936K, 92% used [0x0000000080000000,0x00000000897fa258,0x000000008a400000)
 Metaspace       used 76776K, committed 77888K, reserved 1122304K
  class space    used 7828K, committed 8320K, reserved 1048576K
}
Event: 1022.649 GC heap before
{Heap before GC invocations=830 (full 11):
 PSYoungGen      total 4608K, used 4608K [0x00000000d5580000, 0x00000000d5e80000, 0x0000000100000000)
  eden space 2048K, 100% used [0x00000000d5580000,0x00000000d5780000,0x00000000d5780000)
  from space 2560K, 100% used [0x00000000d5a80000,0x00000000d5d00000,0x00000000d5d00000)
  to   space 3072K, 0% used [0x00000000d5780000,0x00000000d5780000,0x00000000d5a80000)
 ParOldGen       total 167936K, used 155624K [0x0000000080000000, 0x000000008a400000, 0x00000000d5580000)
  object space 167936K, 92% used [0x0000000080000000,0x00000000897fa258,0x000000008a400000)
 Metaspace       used 76776K, committed 77888K, reserved 1122304K
  class space    used 7828K, committed 8320K, reserved 1048576K
}
Event: 1022.652 GC heap after
{Heap after GC invocations=830 (full 11):
 PSYoungGen      total 5120K, used 2080K [0x00000000d5580000, 0x00000000d5d00000, 0x0000000100000000)
  eden space 2048K, 0% used [0x00000000d5580000,0x00000000d5580000,0x00000000d5780000)
  from space 3072K, 67% used [0x00000000d5780000,0x00000000d5988000,0x00000000d5a80000)
  to   space 2560K, 0% used [0x00000000d5a80000,0x00000000d5a80000,0x00000000d5d00000)
 ParOldGen       total 167936K, used 158144K [0x0000000080000000, 0x000000008a400000, 0x00000000d5580000)
  object space 167936K, 94% used [0x0000000080000000,0x0000000089a70258,0x000000008a400000)
 Metaspace       used 76776K, committed 77888K, reserved 1122304K
  class space    used 7828K, committed 8320K, reserved 1048576K
}
Event: 1022.657 GC heap before
{Heap before GC invocations=831 (full 11):
 PSYoungGen      total 5120K, used 4128K [0x00000000d5580000, 0x00000000d5d00000, 0x0000000100000000)
  eden space 2048K, 100% used [0x00000000d5580000,0x00000000d5780000,0x00000000d5780000)
  from space 3072K, 67% used [0x00000000d5780000,0x00000000d5988000,0x00000000d5a80000)
  to   space 2560K, 0% used [0x00000000d5a80000,0x00000000d5a80000,0x00000000d5d00000)
 ParOldGen       total 167936K, used 158144K [0x0000000080000000, 0x000000008a400000, 0x00000000d5580000)
  object space 167936K, 94% used [0x0000000080000000,0x0000000089a70258,0x000000008a400000)
 Metaspace       used 76776K, committed 77888K, reserved 1122304K
  class space    used 7828K, committed 8320K, reserved 1048576K
}
Event: 1022.661 GC heap after
{Heap after GC invocations=831 (full 11):
 PSYoungGen      total 5120K, used 2080K [0x00000000d5580000, 0x00000000d5d00000, 0x0000000100000000)
  eden space 2560K, 0% used [0x00000000d5580000,0x00000000d5580000,0x00000000d5800000)
  from space 2560K, 81% used [0x00000000d5a80000,0x00000000d5c88000,0x00000000d5d00000)
  to   space 2560K, 0% used [0x00000000d5800000,0x00000000d5800000,0x00000000d5a80000)
 ParOldGen       total 167936K, used 160184K [0x0000000080000000, 0x000000008a400000, 0x00000000d5580000)
  object space 167936K, 95% used [0x0000000080000000,0x0000000089c6e258,0x000000008a400000)
 Metaspace       used 76776K, committed 77888K, reserved 1122304K
  class space    used 7828K, committed 8320K, reserved 1048576K
}
Event: 1022.669 GC heap before
{Heap before GC invocations=832 (full 11):
 PSYoungGen      total 5120K, used 4640K [0x00000000d5580000, 0x00000000d5d00000, 0x0000000100000000)
  eden space 2560K, 100% used [0x00000000d5580000,0x00000000d5800000,0x00000000d5800000)
  from space 2560K, 81% used [0x00000000d5a80000,0x00000000d5c88000,0x00000000d5d00000)
  to   space 2560K, 0% used [0x00000000d5800000,0x00000000d5800000,0x00000000d5a80000)
 ParOldGen       total 167936K, used 160184K [0x0000000080000000, 0x000000008a400000, 0x00000000d5580000)
  object space 167936K, 95% used [0x0000000080000000,0x0000000089c6e258,0x000000008a400000)
 Metaspace       used 76776K, committed 77888K, reserved 1122304K
  class space    used 7828K, committed 8320K, reserved 1048576K
}
Event: 1022.672 GC heap after
{Heap after GC invocations=832 (full 11):
 PSYoungGen      total 5120K, used 2256K [0x00000000d5580000, 0x00000000d5d80000, 0x0000000100000000)
  eden space 2560K, 0% used [0x00000000d5580000,0x00000000d5580000,0x00000000d5800000)
  from space 2560K, 88% used [0x00000000d5800000,0x00000000d5a34000,0x00000000d5a80000)
  to   space 2560K, 0% used [0x00000000d5b00000,0x00000000d5b00000,0x00000000d5d80000)
 ParOldGen       total 167936K, used 162224K [0x0000000080000000, 0x000000008a400000, 0x00000000d5580000)
  object space 167936K, 96% used [0x0000000080000000,0x0000000089e6c258,0x000000008a400000)
 Metaspace       used 76776K, committed 77888K, reserved 1122304K
  class space    used 7828K, committed 8320K, reserved 1048576K
}
Event: 1022.683 GC heap before
{Heap before GC invocations=833 (full 11):
 PSYoungGen      total 5120K, used 4463K [0x00000000d5580000, 0x00000000d5d80000, 0x0000000100000000)
  eden space 2560K, 86% used [0x00000000d5580000,0x00000000d57a7d58,0x00000000d5800000)
  from space 2560K, 88% used [0x00000000d5800000,0x00000000d5a34000,0x00000000d5a80000)
  to   space 2560K, 0% used [0x00000000d5b00000,0x00000000d5b00000,0x00000000d5d80000)
 ParOldGen       total 167936K, used 162224K [0x0000000080000000, 0x000000008a400000, 0x00000000d5580000)
  object space 167936K, 96% used [0x0000000080000000,0x0000000089e6c258,0x000000008a400000)
 Metaspace       used 76776K, committed 77888K, reserved 1122304K
  class space    used 7828K, committed 8320K, reserved 1048576K
}
Event: 1022.686 GC heap after
{Heap after GC invocations=833 (full 11):
 PSYoungGen      total 5632K, used 2208K [0x00000000d5580000, 0x00000000d5d80000, 0x0000000100000000)
  eden space 3072K, 0% used [0x00000000d5580000,0x00000000d5580000,0x00000000d5880000)
  from space 2560K, 86% used [0x00000000d5b00000,0x00000000d5d28000,0x00000000d5d80000)
  to   space 2560K, 0% used [0x00000000d5880000,0x00000000d5880000,0x00000000d5b00000)
 ParOldGen       total 167936K, used 164112K [0x0000000080000000, 0x000000008a400000, 0x00000000d5580000)
  object space 167936K, 97% used [0x0000000080000000,0x000000008a044258,0x000000008a400000)
 Metaspace       used 76776K, committed 77888K, reserved 1122304K
  class space    used 7828K, committed 8320K, reserved 1048576K
}
Event: 1022.733 GC heap before
{Heap before GC invocations=834 (full 11):
 PSYoungGen      total 5632K, used 5280K [0x00000000d5580000, 0x00000000d5d80000, 0x0000000100000000)
  eden space 3072K, 100% used [0x00000000d5580000,0x00000000d5880000,0x00000000d5880000)
  from space 2560K, 86% used [0x00000000d5b00000,0x00000000d5d28000,0x00000000d5d80000)
  to   space 2560K, 0% used [0x00000000d5880000,0x00000000d5880000,0x00000000d5b00000)
 ParOldGen       total 167936K, used 164112K [0x0000000080000000, 0x000000008a400000, 0x00000000d5580000)
  object space 167936K, 97% used [0x0000000080000000,0x000000008a044258,0x000000008a400000)
 Metaspace       used 76776K, committed 77888K, reserved 1122304K
  class space    used 7828K, committed 8320K, reserved 1048576K
}
Event: 1022.737 GC heap after
{Heap after GC invocations=834 (full 11):
 PSYoungGen      total 5632K, used 2545K [0x00000000d5580000, 0x00000000d6380000, 0x0000000100000000)
  eden space 3072K, 0% used [0x00000000d5580000,0x00000000d5580000,0x00000000d5880000)
  from space 2560K, 99% used [0x00000000d5880000,0x00000000d5afc410,0x00000000d5b00000)
  to   space 5120K, 0% used [0x00000000d5e80000,0x00000000d5e80000,0x00000000d6380000)
 ParOldGen       total 167936K, used 166128K [0x0000000080000000, 0x000000008a400000, 0x00000000d5580000)
  object space 167936K, 98% used [0x0000000080000000,0x000000008a23c258,0x000000008a400000)
 Metaspace       used 76776K, committed 77888K, reserved 1122304K
  class space    used 7828K, committed 8320K, reserved 1048576K
}
Event: 1022.737 GC heap before
{Heap before GC invocations=835 (full 12):
 PSYoungGen      total 5632K, used 2545K [0x00000000d5580000, 0x00000000d6380000, 0x0000000100000000)
  eden space 3072K, 0% used [0x00000000d5580000,0x00000000d5580000,0x00000000d5880000)
  from space 2560K, 99% used [0x00000000d5880000,0x00000000d5afc410,0x00000000d5b00000)
  to   space 5120K, 0% used [0x00000000d5e80000,0x00000000d5e80000,0x00000000d6380000)
 ParOldGen       total 167936K, used 166128K [0x0000000080000000, 0x000000008a400000, 0x00000000d5580000)
  object space 167936K, 98% used [0x0000000080000000,0x000000008a23c258,0x000000008a400000)
 Metaspace       used 76776K, committed 77888K, reserved 1122304K
  class space    used 7828K, committed 8320K, reserved 1048576K
}

Dll operation events (11 events):
Event: 0.015 Loaded shared library c:\Users\sande\.vscode\extensions\redhat.java-1.13.0-win32-x64\jre\17.0.5-win32-x86_64\bin\java.dll
Event: 0.466 Loaded shared library c:\Users\sande\.vscode\extensions\redhat.java-1.13.0-win32-x64\jre\17.0.5-win32-x86_64\bin\zip.dll
Event: 0.470 Loaded shared library C:\Users\sande\.vscode\extensions\redhat.java-1.13.0-win32-x64\jre\17.0.5-win32-x86_64\bin\instrument.dll
Event: 0.530 Loaded shared library C:\Users\sande\.vscode\extensions\redhat.java-1.13.0-win32-x64\jre\17.0.5-win32-x86_64\bin\net.dll
Event: 0.533 Loaded shared library C:\Users\sande\.vscode\extensions\redhat.java-1.13.0-win32-x64\jre\17.0.5-win32-x86_64\bin\nio.dll
Event: 0.545 Loaded shared library C:\Users\sande\.vscode\extensions\redhat.java-1.13.0-win32-x64\jre\17.0.5-win32-x86_64\bin\zip.dll
Event: 0.612 Loaded shared library C:\Users\sande\.vscode\extensions\redhat.java-1.13.0-win32-x64\jre\17.0.5-win32-x86_64\bin\jimage.dll
Event: 0.768 Loaded shared library c:\Users\sande\.vscode\extensions\redhat.java-1.13.0-win32-x64\jre\17.0.5-win32-x86_64\bin\verify.dll
Event: 2.978 Loaded shared library C:\Users\sande\AppData\Roaming\Code\User\globalStorage\redhat.java\1.13.0\config_win\org.eclipse.equinox.launcher\org.eclipse.equinox.launcher.win32.win32.x86_64_1.2.600.v20220720-1916\eclipse_11700.dll
Event: 5.896 Loaded shared library C:\Users\sande\AppData\Local\Temp\jna--764911444\jna14191715842372179384.dll
Event: 17.423 Loaded shared library C:\Users\sande\.vscode\extensions\redhat.java-1.13.0-win32-x64\jre\17.0.5-win32-x86_64\bin\sunmscapi.dll

Deoptimization events (20 events):
Event: 1021.593 Thread 0x00000214b26bf570 Uncommon trap: trap_request=0xffffffde fr.pc=0x000002149f7be758 relative=0x0000000000000618
Event: 1021.593 Thread 0x00000214b26bf570 Uncommon trap: reason=class_check action=maybe_recompile pc=0x000002149f7be758 method=org.eclipse.jdt.internal.compiler.util.SimpleSet.includes(Ljava/lang/Object;)Z @ 7 c2
Event: 1021.593 Thread 0x00000214b26bf570 DEOPT PACKING pc=0x000002149f7be758 sp=0x0000003b45bff080
Event: 1021.593 Thread 0x00000214b26bf570 DEOPT UNPACKING pc=0x00000214974c20a3 sp=0x0000003b45bff028 mode 2
Event: 1021.606 Thread 0x00000214b26ddd70 Uncommon trap: trap_request=0xffffff45 fr.pc=0x000002149f5ba9a0 relative=0x00000000000002e0
Event: 1021.606 Thread 0x00000214b26ddd70 Uncommon trap: reason=unstable_if action=reinterpret pc=0x000002149f5ba9a0 method=org.eclipse.jdt.internal.compiler.util.SimpleLookupTable.<init>(I)V @ 26 c2
Event: 1021.606 Thread 0x00000214b26ddd70 DEOPT PACKING pc=0x000002149f5ba9a0 sp=0x0000003b466fece0
Event: 1021.606 Thread 0x00000214b26ddd70 DEOPT UNPACKING pc=0x00000214974c20a3 sp=0x0000003b466fec70 mode 2
Event: 1021.652 Thread 0x00000214b26dfa50 Uncommon trap: trap_request=0xffffffde fr.pc=0x000002149f25a2ec relative=0x00000000000002ac
Event: 1021.652 Thread 0x00000214b26dfa50 Uncommon trap: reason=class_check action=maybe_recompile pc=0x000002149f25a2ec method=java.util.stream.Nodes.flatten(Ljava/util/stream/Node;Ljava/util/function/IntFunction;)Ljava/util/stream/Node; @ 37 c2
Event: 1021.652 Thread 0x00000214b26dfa50 DEOPT PACKING pc=0x000002149f25a2ec sp=0x0000003b463fec70
Event: 1021.652 Thread 0x00000214b26dfa50 DEOPT UNPACKING pc=0x00000214974c20a3 sp=0x0000003b463febf0 mode 2
Event: 1022.603 Thread 0x00000214b26dc560 Uncommon trap: trap_request=0xffffffc6 fr.pc=0x000002149f70ab24 relative=0x0000000000000644
Event: 1022.603 Thread 0x00000214b26dc560 Uncommon trap: reason=bimorphic_or_optimized_type_check action=maybe_recompile pc=0x000002149f70ab24 method=java.util.HashMap.removeNode(ILjava/lang/Object;Ljava/lang/Object;ZZ)Ljava/util/HashMap$Node; @ 143 c2
Event: 1022.603 Thread 0x00000214b26dc560 DEOPT PACKING pc=0x000002149f70ab24 sp=0x0000003b466fdf90
Event: 1022.603 Thread 0x00000214b26dc560 DEOPT UNPACKING pc=0x00000214974c20a3 sp=0x0000003b466fdf08 mode 2
Event: 1022.605 Thread 0x00000214b26dc560 Uncommon trap: trap_request=0xffffffc6 fr.pc=0x000002149f70ab24 relative=0x0000000000000644
Event: 1022.605 Thread 0x00000214b26dc560 Uncommon trap: reason=bimorphic_or_optimized_type_check action=maybe_recompile pc=0x000002149f70ab24 method=java.util.HashMap.removeNode(ILjava/lang/Object;Ljava/lang/Object;ZZ)Ljava/util/HashMap$Node; @ 143 c2
Event: 1022.605 Thread 0x00000214b26dc560 DEOPT PACKING pc=0x000002149f70ab24 sp=0x0000003b466fdf90
Event: 1022.605 Thread 0x00000214b26dc560 DEOPT UNPACKING pc=0x00000214974c20a3 sp=0x0000003b466fdf08 mode 2

Classes unloaded (7 events):
Event: 4.212 Thread 0x0000021492f7ec20 Unloading class 0x0000000100216400 'java/lang/invoke/LambdaForm$MH+0x0000000100216400'
Event: 4.212 Thread 0x0000021492f7ec20 Unloading class 0x0000000100216000 'java/lang/invoke/LambdaForm$MH+0x0000000100216000'
Event: 4.212 Thread 0x0000021492f7ec20 Unloading class 0x0000000100215c00 'java/lang/invoke/LambdaForm$MH+0x0000000100215c00'
Event: 4.212 Thread 0x0000021492f7ec20 Unloading class 0x0000000100215400 'java/lang/invoke/LambdaForm$MH+0x0000000100215400'
Event: 4.212 Thread 0x0000021492f7ec20 Unloading class 0x0000000100215000 'java/lang/invoke/LambdaForm$BMH+0x0000000100215000'
Event: 4.212 Thread 0x0000021492f7ec20 Unloading class 0x0000000100214c00 'java/lang/invoke/LambdaForm$DMH+0x0000000100214c00'
Event: 4.212 Thread 0x0000021492f7ec20 Unloading class 0x0000000100212000 'java/lang/invoke/LambdaForm$DMH+0x0000000100212000'

Classes redefined (0 events):
No events

Internal exceptions (20 events):
Event: 967.825 Thread 0x00000214b26dc090 Exception <a 'sun/nio/fs/WindowsException'{0x00000000d564fb38}> (0x00000000d564fb38) 
thrown [s\src\hotspot\share\prims\jni.cpp, line 516]
Event: 967.825 Thread 0x00000214b26dc090 Exception <a 'sun/nio/fs/WindowsException'{0x00000000d564fe08}> (0x00000000d564fe08) 
thrown [s\src\hotspot\share\prims\jni.cpp, line 516]
Event: 1021.637 Thread 0x00000214b26bf570 Exception <a 'java/lang/NoSuchMethodError'{0x00000000d56db640}: 'java.lang.Object java.lang.invoke.DirectMethodHandle$Holder.newInvokeSpecial(java.lang.Object, java.lang.Object, java.lang.Object, java.lang.Object, java.lang.Object, java.lang.Object, java.lang.Object, java.lang.Object, java.lang.Object, java.lang.Object)'> (0x00000000d56db640) 
thrown [s\src\hotspot\share\interpreter\linkResolver.cpp, line 759]
Event: 1021.637 Thread 0x00000214b26bf570 Exception <a 'java/lang/NoSuchMethodError'{0x00000000d56e05a0}: 'java.lang.Object java.lang.invoke.DirectMethodHandle$Holder.invokeSpecial(java.lang.Object, java.lang.Object, java.lang.Object, java.lang.Object, java.lang.Object, java.lang.Object, java.lang.Object, java.lang.Object, java.lang.Object, java.lang.Object, java.lang.Object)'> (0x00000000d56e05a0) 
thrown [s\src\hotspot\share\interpreter\linkResolver.cpp, line 759]
Event: 1021.637 Thread 0x00000214b26bf570 Exception <a 'java/lang/NoSuchMethodError'{0x00000000d56e4e38}: 'java.lang.Object java.lang.invoke.Invokers$Holder.linkToTargetMethod(java.lang.Object, java.lang.Object, java.lang.Object, java.lang.Object, java.lang.Object, java.lang.Object, java.lang.Object, java.lang.Object, java.lang.Object, java.lang.Object)'> (0x00000000d56e4e38) 
thrown [s\src\hotspot\share\interpreter\linkResolver.cpp, line 759]
Event: 1021.666 Thread 0x00000214b26bf570 Exception <a 'java/io/IOException'{0x00000000d573dbf8}> (0x00000000d573dbf8) 
thrown [s\src\hotspot\share\prims\jni.cpp, line 516]
Event: 1021.666 Thread 0x00000214b26bf570 Exception <a 'java/io/IOException'{0x00000000d573df08}> (0x00000000d573df08) 
thrown [s\src\hotspot\share\prims\jni.cpp, line 516]
Event: 1021.666 Thread 0x00000214b26bf570 Exception <a 'java/io/IOException'{0x00000000d573e218}> (0x00000000d573e218) 
thrown [s\src\hotspot\share\prims\jni.cpp, line 516]
Event: 1021.666 Thread 0x00000214b26bf570 Exception <a 'java/io/IOException'{0x00000000d573f0c0}> (0x00000000d573f0c0) 
thrown [s\src\hotspot\share\prims\jni.cpp, line 516]
Event: 1021.666 Thread 0x00000214b26bf570 Exception <a 'java/io/IOException'{0x00000000d573f3d0}> (0x00000000d573f3d0) 
thrown [s\src\hotspot\share\prims\jni.cpp, line 516]
Event: 1021.666 Thread 0x00000214b26bf570 Exception <a 'java/io/IOException'{0x00000000d573f6e0}> (0x00000000d573f6e0) 
thrown [s\src\hotspot\share\prims\jni.cpp, line 516]
Event: 1021.857 Thread 0x00000214ae8b4080 Exception <a 'java/io/IOException'{0x00000000d5741ec0}> (0x00000000d5741ec0) 
thrown [s\src\hotspot\share\prims\jni.cpp, line 516]
Event: 1021.857 Thread 0x00000214ae8b4080 Exception <a 'java/io/IOException'{0x00000000d57421d0}> (0x00000000d57421d0) 
thrown [s\src\hotspot\share\prims\jni.cpp, line 516]
Event: 1021.857 Thread 0x00000214ae8b4080 Exception <a 'java/io/IOException'{0x00000000d57424e0}> (0x00000000d57424e0) 
thrown [s\src\hotspot\share\prims\jni.cpp, line 516]
Event: 1021.857 Thread 0x00000214ae8b4080 Exception <a 'java/io/IOException'{0x00000000d5744310}> (0x00000000d5744310) 
thrown [s\src\hotspot\share\prims\jni.cpp, line 516]
Event: 1021.857 Thread 0x00000214ae8b4080 Exception <a 'java/io/IOException'{0x00000000d5744620}> (0x00000000d5744620) 
thrown [s\src\hotspot\share\prims\jni.cpp, line 516]
Event: 1021.857 Thread 0x00000214ae8b4080 Exception <a 'java/io/IOException'{0x00000000d5744930}> (0x00000000d5744930) 
thrown [s\src\hotspot\share\prims\jni.cpp, line 516]
Event: 1022.601 Thread 0x00000214b26dc560 Exception <a 'java/lang/NoSuchMethodError'{0x00000000d5611230}: 'void java.lang.invoke.DirectMethodHandle$Holder.invokeInterface(java.lang.Object, java.lang.Object)'> (0x00000000d5611230) 
thrown [s\src\hotspot\share\interpreter\linkResolver.cpp, line 759]
Event: 1022.617 Thread 0x00000214b26dc560 Exception <a 'java/io/FileNotFoundException'{0x00000000d56c7d98}> (0x00000000d56c7d98) 
thrown [s\src\hotspot\share\prims\jni.cpp, line 516]
Event: 1022.629 Thread 0x00000214ae8b6230 Exception <a 'sun/nio/fs/WindowsException'{0x00000000d5710d48}> (0x00000000d5710d48) 
thrown [s\src\hotspot\share\prims\jni.cpp, line 516]

VM Operations (20 events):
Event: 1021.699 Executing VM operation: Cleanup done
Event: 1022.583 Executing VM operation: ParallelGCFailedAllocation
Event: 1022.585 Executing VM operation: ParallelGCFailedAllocation done
Event: 1022.614 Executing VM operation: HandshakeAllThreads
Event: 1022.614 Executing VM operation: HandshakeAllThreads done
Event: 1022.630 Executing VM operation: ParallelGCFailedAllocation
Event: 1022.632 Executing VM operation: ParallelGCFailedAllocation done
Event: 1022.634 Executing VM operation: ParallelGCFailedAllocation
Event: 1022.636 Executing VM operation: ParallelGCFailedAllocation done
Event: 1022.641 Executing VM operation: ParallelGCFailedAllocation
Event: 1022.644 Executing VM operation: ParallelGCFailedAllocation done
Event: 1022.648 Executing VM operation: ParallelGCFailedAllocation
Event: 1022.652 Executing VM operation: ParallelGCFailedAllocation done
Event: 1022.657 Executing VM operation: ParallelGCFailedAllocation
Event: 1022.661 Executing VM operation: ParallelGCFailedAllocation done
Event: 1022.668 Executing VM operation: ParallelGCFailedAllocation
Event: 1022.672 Executing VM operation: ParallelGCFailedAllocation done
Event: 1022.683 Executing VM operation: ParallelGCFailedAllocation
Event: 1022.686 Executing VM operation: ParallelGCFailedAllocation done
Event: 1022.733 Executing VM operation: ParallelGCFailedAllocation

Events (20 events):
Event: 1021.598 Thread 0x00000214b26ddd70 Thread added: 0x00000214b26ddd70
Event: 1021.600 loading class java/util/zip/Deflater
Event: 1021.601 loading class java/util/zip/Deflater done
Event: 1021.604 loading class java/util/zip/Deflater$DeflaterZStreamRef
Event: 1021.604 loading class java/util/zip/Deflater$DeflaterZStreamRef done
Event: 1021.615 Thread 0x00000214b26e1260 Thread added: 0x00000214b26e1260
Event: 1021.616 Thread 0x00000214b26ddd70 Thread exited: 0x00000214b26ddd70
Event: 1021.616 Thread 0x00000214b26de710 Thread exited: 0x00000214b26de710
Event: 1021.617 Thread 0x00000214b26e1260 Thread exited: 0x00000214b26e1260
Event: 1021.629 loading class java/util/Collections$EmptyListIterator
Event: 1021.629 loading class java/util/Collections$EmptyListIterator done
Event: 1021.640 Thread 0x00000214b26dfa50 Thread added: 0x00000214b26dfa50
Event: 1021.641 Thread 0x00000214b26e1260 Thread added: 0x00000214b26e1260
Event: 1021.646 Thread 0x00000214b26da880 Thread added: 0x00000214b26da880
Event: 1021.652 Thread 0x00000214b26da880 Thread exited: 0x00000214b26da880
Event: 1021.652 Thread 0x00000214b26e1260 Thread exited: 0x00000214b26e1260
Event: 1021.652 Thread 0x00000214b26dfa50 Thread exited: 0x00000214b26dfa50
Event: 1022.579 Thread 0x00000214b26dbbc0 Thread added: 0x00000214b26dbbc0
Event: 1022.582 Thread 0x00000214b26dc560 Thread added: 0x00000214b26dc560
Event: 1022.597 Thread 0x00000214b26dc090 Thread added: 0x00000214b26dc090


Dynamic libraries:
0x00007ff6c23f0000 - 0x00007ff6c23fe000 	c:\Users\sande\.vscode\extensions\redhat.java-1.13.0-win32-x64\jre\17.0.5-win32-x86_64\bin\java.exe
0x00007ffc84d90000 - 0x00007ffc84f88000 	C:\Windows\SYSTEM32\ntdll.dll
0x00007ffc83a30000 - 0x00007ffc83aef000 	C:\Windows\System32\KERNEL32.DLL
0x00007ffc82890000 - 0x00007ffc82b62000 	C:\Windows\System32\KERNELBASE.dll
0x00007ffc82480000 - 0x00007ffc82580000 	C:\Windows\System32\ucrtbase.dll
0x00007ffc7dfc0000 - 0x00007ffc7dfd7000 	c:\Users\sande\.vscode\extensions\redhat.java-1.13.0-win32-x64\jre\17.0.5-win32-x86_64\bin\jli.dll
0x00007ffc835a0000 - 0x00007ffc83741000 	C:\Windows\System32\USER32.dll
0x00007ffc82580000 - 0x00007ffc825a2000 	C:\Windows\System32\win32u.dll
0x00007ffc84d20000 - 0x00007ffc84d4b000 	C:\Windows\System32\GDI32.dll
0x00007ffc825b0000 - 0x00007ffc826bf000 	C:\Windows\System32\gdi32full.dll
0x00007ffc827c0000 - 0x00007ffc8285d000 	C:\Windows\System32\msvcp_win.dll
0x00007ffc7dfa0000 - 0x00007ffc7dfb9000 	c:\Users\sande\.vscode\extensions\redhat.java-1.13.0-win32-x64\jre\17.0.5-win32-x86_64\bin\VCRUNTIME140.dll
0x00007ffc6a4f0000 - 0x00007ffc6a78a000 	C:\Windows\WinSxS\amd64_microsoft.windows.common-controls_6595b64144ccf1df_6.0.19041.1110_none_60b5254171f9507e\COMCTL32.dll
0x00007ffc84720000 - 0x00007ffc847be000 	C:\Windows\System32\msvcrt.dll
0x00007ffc84960000 - 0x00007ffc84992000 	C:\Windows\System32\IMM32.DLL
0x00007ffc6ca60000 - 0x00007ffc6caa3000 	C:\Program Files (x86)\K7 Computing\K7TSecurity\K7CrvrEx64.dll
0x00007ffc84850000 - 0x00007ffc848fe000 	C:\Windows\System32\ADVAPI32.dll
0x00007ffc83af0000 - 0x00007ffc83b8c000 	C:\Windows\System32\sechost.dll
0x00007ffc82dd0000 - 0x00007ffc82ef5000 	C:\Windows\System32\RPCRT4.dll
0x00007ffc7df90000 - 0x00007ffc7df9c000 	c:\Users\sande\.vscode\extensions\redhat.java-1.13.0-win32-x64\jre\17.0.5-win32-x86_64\bin\vcruntime140_1.dll
0x00007ffc641d0000 - 0x00007ffc64261000 	c:\Users\sande\.vscode\extensions\redhat.java-1.13.0-win32-x64\jre\17.0.5-win32-x86_64\bin\msvcp140.dll
0x00007ffc30a80000 - 0x00007ffc316c4000 	c:\Users\sande\.vscode\extensions\redhat.java-1.13.0-win32-x64\jre\17.0.5-win32-x86_64\bin\server\jvm.dll
0x00007ffc7cd10000 - 0x00007ffc7cd19000 	C:\Windows\SYSTEM32\WSOCK32.dll
0x00007ffc838b0000 - 0x00007ffc8391b000 	C:\Windows\System32\WS2_32.dll
0x00007ffc6a1f0000 - 0x00007ffc6a217000 	C:\Windows\SYSTEM32\WINMM.dll
0x00007ffc7afd0000 - 0x00007ffc7afda000 	C:\Windows\SYSTEM32\VERSION.dll
0x00007ffc80340000 - 0x00007ffc80352000 	C:\Windows\SYSTEM32\kernel.appcore.dll
0x00007ffc7df70000 - 0x00007ffc7df7a000 	c:\Users\sande\.vscode\extensions\redhat.java-1.13.0-win32-x64\jre\17.0.5-win32-x86_64\bin\jimage.dll
0x00007ffc6e8e0000 - 0x00007ffc6eac4000 	C:\Windows\SYSTEM32\DBGHELP.DLL
0x00007ffc6e850000 - 0x00007ffc6e885000 	C:\Windows\SYSTEM32\dbgcore.DLL
0x00007ffc82be0000 - 0x00007ffc82c62000 	C:\Windows\System32\bcryptPrimitives.dll
0x00007ffc7df40000 - 0x00007ffc7df4e000 	c:\Users\sande\.vscode\extensions\redhat.java-1.13.0-win32-x64\jre\17.0.5-win32-x86_64\bin\instrument.dll
0x00007ffc7df10000 - 0x00007ffc7df35000 	c:\Users\sande\.vscode\extensions\redhat.java-1.13.0-win32-x64\jre\17.0.5-win32-x86_64\bin\java.dll
0x00007ffc7def0000 - 0x00007ffc7df08000 	c:\Users\sande\.vscode\extensions\redhat.java-1.13.0-win32-x64\jre\17.0.5-win32-x86_64\bin\zip.dll
0x00007ffc83fd0000 - 0x00007ffc84714000 	C:\Windows\System32\SHELL32.dll
0x00007ffc80540000 - 0x00007ffc80cd2000 	C:\Windows\SYSTEM32\windows.storage.dll
0x00007ffc83b90000 - 0x00007ffc83ee5000 	C:\Windows\System32\combase.dll
0x00007ffc81ee0000 - 0x00007ffc81f10000 	C:\Windows\SYSTEM32\Wldp.dll
0x00007ffc83920000 - 0x00007ffc839cd000 	C:\Windows\System32\SHCORE.dll
0x00007ffc83820000 - 0x00007ffc83875000 	C:\Windows\System32\shlwapi.dll
0x00007ffc823c0000 - 0x00007ffc823df000 	C:\Windows\SYSTEM32\profapi.dll
0x00007ffc7ded0000 - 0x00007ffc7dee9000 	C:\Users\sande\.vscode\extensions\redhat.java-1.13.0-win32-x64\jre\17.0.5-win32-x86_64\bin\net.dll
0x00007ffc7b8c0000 - 0x00007ffc7b9cc000 	C:\Windows\SYSTEM32\WINHTTP.dll
0x00007ffc81c40000 - 0x00007ffc81caa000 	C:\Windows\system32\mswsock.dll
0x00007ffc7c890000 - 0x00007ffc7c8a5000 	C:\Users\sande\.vscode\extensions\redhat.java-1.13.0-win32-x64\jre\17.0.5-win32-x86_64\bin\nio.dll
0x00007ffc7c880000 - 0x00007ffc7c890000 	c:\Users\sande\.vscode\extensions\redhat.java-1.13.0-win32-x64\jre\17.0.5-win32-x86_64\bin\verify.dll
0x00007ffc61490000 - 0x00007ffc614ce000 	C:\Users\sande\AppData\Roaming\Code\User\globalStorage\redhat.java\1.13.0\config_win\org.eclipse.equinox.launcher\org.eclipse.equinox.launcher.win32.win32.x86_64_1.2.600.v20220720-1916\eclipse_11700.dll
0x00007ffc83470000 - 0x00007ffc8359a000 	C:\Windows\System32\ole32.dll
0x00007ffc81e30000 - 0x00007ffc81e48000 	C:\Windows\SYSTEM32\CRYPTSP.dll
0x00007ffc814f0000 - 0x00007ffc81524000 	C:\Windows\system32\rsaenh.dll
0x00000214ab330000 - 0x00000214ab357000 	C:\Windows\System32\bcrypt.dll
0x00007ffc82380000 - 0x00007ffc823ae000 	C:\Windows\SYSTEM32\USERENV.dll
0x00007ffc81e50000 - 0x00007ffc81e5c000 	C:\Windows\SYSTEM32\CRYPTBASE.dll
0x00007ffc818e0000 - 0x00007ffc8191b000 	C:\Windows\SYSTEM32\IPHLPAPI.DLL
0x00007ffc83460000 - 0x00007ffc83468000 	C:\Windows\System32\NSI.dll
0x00007ffc73f90000 - 0x00007ffc73fa7000 	C:\Windows\SYSTEM32\dhcpcsvc6.DLL
0x00007ffc77ed0000 - 0x00007ffc77eed000 	C:\Windows\SYSTEM32\dhcpcsvc.DLL
0x00007ffc81930000 - 0x00007ffc819fa000 	C:\Windows\SYSTEM32\DNSAPI.dll
0x00007ffc5c110000 - 0x00007ffc5c150000 	C:\Users\sande\AppData\Local\Temp\jna--764911444\jna14191715842372179384.dll
0x00007ffc83450000 - 0x00007ffc83458000 	C:\Windows\System32\PSAPI.DLL
0x00007ffc79b40000 - 0x00007ffc79b4e000 	C:\Users\sande\.vscode\extensions\redhat.java-1.13.0-win32-x64\jre\17.0.5-win32-x86_64\bin\sunmscapi.dll
0x00007ffc82c70000 - 0x00007ffc82dc6000 	C:\Windows\System32\CRYPT32.dll
0x00007ffc81f50000 - 0x00007ffc81f77000 	C:\Windows\SYSTEM32\ncrypt.dll
0x00007ffc81f10000 - 0x00007ffc81f4b000 	C:\Windows\SYSTEM32\NTASN1.dll
0x00007ffc81610000 - 0x00007ffc81643000 	C:\Windows\SYSTEM32\ntmarta.dll

dbghelp: loaded successfully - version: 4.0.5 - missing functions: none
symbol engine: initialized successfully - sym options: 0x614 - pdb path: .;c:\Users\sande\.vscode\extensions\redhat.java-1.13.0-win32-x64\jre\17.0.5-win32-x86_64\bin;C:\Windows\SYSTEM32;C:\Windows\WinSxS\amd64_microsoft.windows.common-controls_6595b64144ccf1df_6.0.19041.1110_none_60b5254171f9507e;C:\Program Files (x86)\K7 Computing\K7TSecurity;c:\Users\sande\.vscode\extensions\redhat.java-1.13.0-win32-x64\jre\17.0.5-win32-x86_64\bin\server;C:\Users\sande\AppData\Roaming\Code\User\globalStorage\redhat.java\1.13.0\config_win\org.eclipse.equinox.launcher\org.eclipse.equinox.launcher.win32.win32.x86_64_1.2.600.v20220720-1916;C:\Users\sande\AppData\Local\Temp\jna--764911444

VM Arguments:
jvm_args: --add-modules=ALL-SYSTEM --add-opens=java.base/java.util=ALL-UNNAMED --add-opens=java.base/java.lang=ALL-UNNAMED --add-opens=java.base/sun.nio.fs=ALL-UNNAMED -Declipse.application=org.eclipse.jdt.ls.core.id1 -Dosgi.bundles.defaultStartLevel=4 -Declipse.product=org.eclipse.jdt.ls.core.product -Djava.import.generatesMetadataFilesAtProjectRoot=false -Dfile.encoding=utf8 -XX:+UseParallelGC -XX:GCTimeRatio=4 -XX:AdaptiveSizePolicyWeight=90 -Dsun.zip.disableMemoryMapping=true -Xmx2G -Xms100m -Xlog:disable -javaagent:c:\Users\sande\.vscode\extensions\redhat.java-1.13.0-win32-x64\lombok\lombok-1.18.24.jar -XX:+HeapDumpOnOutOfMemoryError -XX:HeapDumpPath=c:\Users\sande\AppData\Roaming\Code\User\workspaceStorage\da9669ae4e1cfc7a706b39c74acdcc1c\redhat.java 
java_command: c:\Users\sande\.vscode\extensions\redhat.java-1.13.0-win32-x64\server\plugins\org.eclipse.equinox.launcher_1.6.400.v20210924-0641.jar -configuration c:\Users\sande\AppData\Roaming\Code\User\globalStorage\redhat.java\1.13.0\config_win -data c:\Users\sande\AppData\Roaming\Code\User\workspaceStorage\da9669ae4e1cfc7a706b39c74acdcc1c\redhat.java\jdt_ws
java_class_path (initial): c:\Users\sande\.vscode\extensions\redhat.java-1.13.0-win32-x64\server\plugins\org.eclipse.equinox.launcher_1.6.400.v20210924-0641.jar
Launcher Type: SUN_STANDARD

[Global flags]
    uintx AdaptiveSizePolicyWeight                 = 90                                        {product} {command line}
     intx CICompilerCount                          = 3                                         {product} {ergonomic}
    uintx GCTimeRatio                              = 4                                         {product} {command line}
     bool HeapDumpOnOutOfMemoryError               = true                                   {manageable} {command line}
    ccstr HeapDumpPath                             = c:\Users\sande\AppData\Roaming\Code\User\workspaceStorage\da9669ae4e1cfc7a706b39c74acdcc1c\redhat.java         {manageable} {command line}
   size_t InitialHeapSize                          = 104857600                                 {product} {command line}
   size_t MaxHeapSize                              = 2147483648                                {product} {command line}
   size_t MaxNewSize                               = 715653120                                 {product} {ergonomic}
   size_t MinHeapDeltaBytes                        = 524288                                    {product} {ergonomic}
   size_t MinHeapSize                              = 104857600                                 {product} {command line}
   size_t NewSize                                  = 34603008                                  {product} {ergonomic}
    uintx NonNMethodCodeHeapSize                   = 5832780                                {pd product} {ergonomic}
    uintx NonProfiledCodeHeapSize                  = 122912730                              {pd product} {ergonomic}
   size_t OldSize                                  = 70254592                                  {product} {ergonomic}
    uintx ProfiledCodeHeapSize                     = 122912730                              {pd product} {ergonomic}
    uintx ReservedCodeCacheSize                    = 251658240                              {pd product} {ergonomic}
     bool SegmentedCodeCache                       = true                                      {product} {ergonomic}
   size_t SoftMaxHeapSize                          = 2147483648                             {manageable} {ergonomic}
     bool UseCompressedClassPointers               = true                           {product lp64_product} {ergonomic}
     bool UseCompressedOops                        = true                           {product lp64_product} {ergonomic}
     bool UseLargePagesIndividualAllocation        = false                                  {pd product} {ergonomic}
     bool UseParallelGC                            = true                                      {product} {command line}

Logging:
Log output configuration:
 #0: stdout all=off uptime,level,tags
 #1: stderr all=off uptime,level,tags

Environment Variables:
JAVA_HOME=C:\Program Files\Amazon Corretto\jdk17.0.5_8
PATH=C:\Program Files\Amazon Corretto\jdk17.0.5_8\bin;C:\Program Files (x86)\Common Files\Oracle\Java\javapath;D:\oracle\product\10.2.0\db_1\bin;C:\Program Files (x86)\Oracle\bin;C:\Python310\Scripts\;C:\Python310\;C:\Windows\system32;C:\Windows;C:\Windows\System32\Wbem;C:\Windows\System32\WindowsPowerShell\v1.0\;C:\Windows\System32\OpenSSH\;C:\Program Files\NVIDIA Corporation\NVIDIA NvDLISR;C:\Program Files (x86)\NVIDIA Corporation\PhysX\Common;C:\Program Files\Crucial\Crucial Storage Executive;C:\ProgramData\chocolatey\bin;C:\Program Files\Git\cmd;C:\Apache Tomcat\apache-tomcat-9.0.65\bin;C:\Program Files\PuTTY\;C:\Users\sande\AppData\Local\Microsoft\WindowsApps;C:\Users\sande\AppData\Local\Programs\Microsoft VS Code\bin;C:\Program Files\heroku\bin;C:\Users\sande\AppData\Local\Packages\PythonSoftwareFoundation.Python.3.9_qbz5n2kfra8p0\LocalCache\local-packages\Python39\Scripts;C:\Users\sande\AppData\Local\Programs\Python\Python310;C:\Users\sande\AppData\Local\Programs\Python\Python310\Scripts;
USERNAME=Sandeep
OS=Windows_NT
PROCESSOR_IDENTIFIER=Intel64 Family 6 Model 142 Stepping 9, GenuineIntel
TMP=C:\Users\sande\AppData\Local\Temp
TEMP=C:\Users\sande\AppData\Local\Temp



---------------  S Y S T E M  ---------------

OS:
 Windows 10 , 64 bit Build 19041 (10.0.19041.2364)
OS uptime: 0 days 0:49 hours

CPU: total 4 (initial active 4) (2 cores per cpu, 2 threads per core) family 6 model 142 stepping 9 microcode 0xb4, cx8, cmov, fxsr, ht, mmx, 3dnowpref, sse, sse2, sse3, ssse3, sse4.1, sse4.2, popcnt, lzcnt, tsc, tscinvbit, avx, avx2, aes, erms, clmul, bmi1, bmi2, adx, fma, vzeroupper, clflush, clflushopt

Memory: 4k page, system-wide physical 16269M (10627M free)
TotalPageFile size 18701M (AvailPageFile size 12003M)
current process WorkingSet (physical memory assigned to process): 410M, peak: 410M
current process commit charge ("private bytes"): 471M, peak: 475M

vm_info: OpenJDK 64-Bit Server VM (17.0.5+8) for windows-amd64 JRE (17.0.5+8), built on Oct 19 2022 04:48:13 by "temurin" with MS VC++ 16.7 (VS2019)

END.
